<?xml version="1.0" encoding="UTF-8"?>
<coverage generated="1424208980">
  <project timestamp="1424208980">
    <package name="DeskPRO\Bundle\AppBundle">
      <file name="/Users/tickner/src/deskpro/deskPRO/app/src/DeskPRO/Bundle/AppBundle/AppBundle.php">
        <class name="AppBundle" namespace="DeskPRO\Bundle\AppBundle">
          <metrics methods="5" coveredmethods="0" conditionals="0" coveredconditionals="0" statements="7" coveredstatements="0" elements="12" coveredelements="0"/>
        </class>
        <line num="46" type="method" name="getContainerExtension" crap="2" count="0"/>
        <line num="48" type="stmt" count="0"/>
        <line num="51" type="method" name="build" crap="2" count="0"/>
        <line num="53" type="stmt" count="0"/>
        <line num="55" type="stmt" count="0"/>
        <line num="56" type="stmt" count="0"/>
        <line num="59" type="method" name="registerCommands" crap="2" count="0"/>
        <line num="61" type="stmt" count="0"/>
        <line num="63" type="method" name="getNamespace" crap="2" count="0"/>
        <line num="65" type="stmt" count="0"/>
        <line num="68" type="method" name="getPath" crap="2" count="0"/>
        <line num="70" type="stmt" count="0"/>
        <metrics loc="72" ncloc="41" classes="1" methods="5" coveredmethods="0" conditionals="0" coveredconditionals="0" statements="7" coveredstatements="0" elements="12" coveredelements="0"/>
      </file>
    </package>
    <package name="DeskPRO\Bundle\AppBundle\AppSecret">
      <file name="/Users/tickner/src/deskpro/deskPRO/app/src/DeskPRO/Bundle/AppBundle/AppSecret/AppSecret.php">
        <class name="AppSecret" namespace="DeskPRO\Bundle\AppBundle\AppSecret">
          <metrics methods="1" coveredmethods="0" conditionals="0" coveredconditionals="0" statements="1" coveredstatements="0" elements="2" coveredelements="0"/>
        </class>
        <line num="40" type="method" name="getAppSecret" crap="2" count="0"/>
        <line num="42" type="stmt" count="0"/>
        <metrics loc="44" ncloc="13" classes="1" methods="1" coveredmethods="0" conditionals="0" coveredconditionals="0" statements="1" coveredstatements="0" elements="2" coveredelements="0"/>
      </file>
    </package>
    <package name="DeskPRO\Bundle\AppBundle\DataService">
      <file name="/Users/tickner/src/deskpro/deskPRO/app/src/DeskPRO/Bundle/AppBundle/DataService/AbstractDataService.php">
        <class name="AbstractDataService" namespace="DeskPRO\Bundle\AppBundle\DataService">
          <metrics methods="3" coveredmethods="0" conditionals="0" coveredconditionals="0" statements="9" coveredstatements="0" elements="12" coveredelements="0"/>
        </class>
        <line num="64" type="method" name="generateAndCache" crap="2" count="0"/>
        <line num="66" type="stmt" count="0"/>
        <line num="72" type="method" name="getCache" crap="6" count="0"/>
        <line num="74" type="stmt" count="0"/>
        <line num="75" type="stmt" count="0"/>
        <line num="76" type="stmt" count="0"/>
        <line num="78" type="stmt" count="0"/>
        <line num="85" type="method" name="generateHash" crap="6" count="0"/>
        <line num="87" type="stmt" count="0"/>
        <line num="88" type="stmt" count="0"/>
        <line num="89" type="stmt" count="0"/>
        <line num="91" type="stmt" count="0"/>
        <metrics loc="93" ncloc="38" classes="1" methods="3" coveredmethods="0" conditionals="0" coveredconditionals="0" statements="9" coveredstatements="0" elements="12" coveredelements="0"/>
      </file>
      <file name="/Users/tickner/src/deskpro/deskPRO/app/src/DeskPRO/Bundle/AppBundle/DataService/ArticlesDataService.php">
        <class name="ArticlesDataService" namespace="DeskPRO\Bundle\AppBundle\DataService">
          <metrics methods="11" coveredmethods="0" conditionals="0" coveredconditionals="0" statements="66" coveredstatements="0" elements="77" coveredelements="0"/>
        </class>
        <line num="56" type="method" name="__construct" crap="2" count="0"/>
        <line num="58" type="stmt" count="0"/>
        <line num="59" type="stmt" count="0"/>
        <line num="67" type="method" name="getArticlesPager" crap="6" count="0"/>
        <line num="69" type="stmt" count="0"/>
        <line num="71" type="stmt" count="0"/>
        <line num="73" type="stmt" count="0"/>
        <line num="74" type="stmt" count="0"/>
        <line num="75" type="stmt" count="0"/>
        <line num="77" type="stmt" count="0"/>
        <line num="79" type="stmt" count="0"/>
        <line num="81" type="stmt" count="0"/>
        <line num="82" type="stmt" count="0"/>
        <line num="83" type="stmt" count="0"/>
        <line num="84" type="stmt" count="0"/>
        <line num="86" type="stmt" count="0"/>
        <line num="87" type="stmt" count="0"/>
        <line num="88" type="stmt" count="0"/>
        <line num="89" type="stmt" count="0"/>
        <line num="90" type="stmt" count="0"/>
        <line num="92" type="stmt" count="0"/>
        <line num="93" type="stmt" count="0"/>
        <line num="94" type="stmt" count="0"/>
        <line num="96" type="stmt" count="0"/>
        <line num="98" type="stmt" count="0"/>
        <line num="112" type="method" name="getCategoryChildren" crap="20" count="0"/>
        <line num="114" type="stmt" count="0"/>
        <line num="116" type="stmt" count="0"/>
        <line num="118" type="stmt" count="0"/>
        <line num="120" type="stmt" count="0"/>
        <line num="122" type="stmt" count="0"/>
        <line num="123" type="stmt" count="0"/>
        <line num="126" type="stmt" count="0"/>
        <line num="127" type="stmt" count="0"/>
        <line num="128" type="stmt" count="0"/>
        <line num="130" type="stmt" count="0"/>
        <line num="132" type="stmt" count="0"/>
        <line num="134" type="stmt" count="0"/>
        <line num="141" type="method" name="getArticle" crap="12" count="0"/>
        <line num="143" type="stmt" count="0"/>
        <line num="145" type="stmt" count="0"/>
        <line num="147" type="stmt" count="0"/>
        <line num="149" type="stmt" count="0"/>
        <line num="151" type="stmt" count="0"/>
        <line num="152" type="stmt" count="0"/>
        <line num="155" type="stmt" count="0"/>
        <line num="156" type="stmt" count="0"/>
        <line num="159" type="stmt" count="0"/>
        <line num="161" type="stmt" count="0"/>
        <line num="172" type="method" name="getCategory" crap="12" count="0"/>
        <line num="174" type="stmt" count="0"/>
        <line num="176" type="stmt" count="0"/>
        <line num="178" type="stmt" count="0"/>
        <line num="180" type="stmt" count="0"/>
        <line num="182" type="stmt" count="0"/>
        <line num="183" type="stmt" count="0"/>
        <line num="186" type="stmt" count="0"/>
        <line num="187" type="stmt" count="0"/>
        <line num="190" type="stmt" count="0"/>
        <line num="192" type="stmt" count="0"/>
        <line num="195" type="method" name="getArticleComments" crap="2" count="0"/>
        <line num="197" type="stmt" count="0"/>
        <line num="199" type="stmt" count="0"/>
        <line num="201" type="stmt" count="0"/>
        <line num="202" type="stmt" count="0"/>
        <line num="204" type="stmt" count="0"/>
        <line num="205" type="method" name="anonymous function" crap="2" count="0"/>
        <line num="206" type="stmt" count="0"/>
        <line num="208" type="stmt" count="0"/>
        <line num="210" type="stmt" count="0"/>
        <line num="216" type="method" name="getArticlesRepo" crap="2" count="0"/>
        <line num="218" type="stmt" count="0"/>
        <line num="224" type="method" name="getArticleCategoriesRepo" crap="2" count="0"/>
        <line num="226" type="stmt" count="0"/>
        <line num="232" type="method" name="getArticleCommentRepo" crap="2" count="0"/>
        <line num="234" type="stmt" count="0"/>
        <line num="240" type="method" name="getRelatedContentRepo" crap="2" count="0"/>
        <line num="242" type="stmt" count="0"/>
        <metrics loc="244" ncloc="157" classes="1" methods="11" coveredmethods="0" conditionals="0" coveredconditionals="0" statements="67" coveredstatements="0" elements="78" coveredelements="0"/>
      </file>
      <file name="/Users/tickner/src/deskpro/deskPRO/app/src/DeskPRO/Bundle/AppBundle/DataService/DepartmentDataService.php">
        <class name="DepartmentDataService" namespace="DeskPRO\Bundle\AppBundle\DataService">
          <metrics methods="3" coveredmethods="0" conditionals="0" coveredconditionals="0" statements="18" coveredstatements="0" elements="21" coveredelements="0"/>
        </class>
        <line num="54" type="method" name="__construct" crap="2" count="0"/>
        <line num="56" type="stmt" count="0"/>
        <line num="57" type="stmt" count="0"/>
        <line num="58" type="stmt" count="0"/>
        <line num="60" type="method" name="getAuthorizedDepartmentsForPersonInPortal" crap="2" count="0"/>
        <line num="62" type="stmt" count="0"/>
        <line num="63" type="stmt" count="0"/>
        <line num="65" type="stmt" count="0"/>
        <line num="67" type="stmt" count="0"/>
        <line num="69" type="stmt" count="0"/>
        <line num="70" type="method" name="anonymous function" crap="2" count="0"/>
        <line num="71" type="stmt" count="0"/>
        <line num="75" type="stmt" count="0"/>
        <line num="76" type="stmt" count="0"/>
        <line num="77" type="stmt" count="0"/>
        <line num="78" type="stmt" count="0"/>
        <line num="79" type="stmt" count="0"/>
        <line num="80" type="stmt" count="0"/>
        <line num="81" type="stmt" count="0"/>
        <line num="82" type="stmt" count="0"/>
        <line num="84" type="stmt" count="0"/>
        <line num="86" type="stmt" count="0"/>
        <metrics loc="88" ncloc="49" classes="1" methods="3" coveredmethods="0" conditionals="0" coveredconditionals="0" statements="19" coveredstatements="0" elements="22" coveredelements="0"/>
      </file>
      <file name="/Users/tickner/src/deskpro/deskPRO/app/src/DeskPRO/Bundle/AppBundle/DataService/DownloadsDataService.php">
        <class name="DownloadsDataService" namespace="DeskPRO\Bundle\AppBundle\DataService">
          <metrics methods="11" coveredmethods="0" conditionals="0" coveredconditionals="0" statements="65" coveredstatements="0" elements="76" coveredelements="0"/>
        </class>
        <line num="56" type="method" name="__construct" crap="2" count="0"/>
        <line num="58" type="stmt" count="0"/>
        <line num="59" type="stmt" count="0"/>
        <line num="67" type="method" name="getDownloadsPager" crap="6" count="0"/>
        <line num="69" type="stmt" count="0"/>
        <line num="71" type="stmt" count="0"/>
        <line num="73" type="stmt" count="0"/>
        <line num="74" type="stmt" count="0"/>
        <line num="75" type="stmt" count="0"/>
        <line num="77" type="stmt" count="0"/>
        <line num="79" type="stmt" count="0"/>
        <line num="81" type="stmt" count="0"/>
        <line num="82" type="stmt" count="0"/>
        <line num="83" type="stmt" count="0"/>
        <line num="84" type="stmt" count="0"/>
        <line num="86" type="stmt" count="0"/>
        <line num="87" type="stmt" count="0"/>
        <line num="88" type="stmt" count="0"/>
        <line num="89" type="stmt" count="0"/>
        <line num="91" type="stmt" count="0"/>
        <line num="92" type="stmt" count="0"/>
        <line num="93" type="stmt" count="0"/>
        <line num="95" type="stmt" count="0"/>
        <line num="97" type="stmt" count="0"/>
        <line num="111" type="method" name="getCategoryChildren" crap="20" count="0"/>
        <line num="113" type="stmt" count="0"/>
        <line num="114" type="stmt" count="0"/>
        <line num="116" type="stmt" count="0"/>
        <line num="118" type="stmt" count="0"/>
        <line num="120" type="stmt" count="0"/>
        <line num="121" type="stmt" count="0"/>
        <line num="124" type="stmt" count="0"/>
        <line num="125" type="stmt" count="0"/>
        <line num="126" type="stmt" count="0"/>
        <line num="128" type="stmt" count="0"/>
        <line num="130" type="stmt" count="0"/>
        <line num="132" type="stmt" count="0"/>
        <line num="139" type="method" name="getDownload" crap="12" count="0"/>
        <line num="141" type="stmt" count="0"/>
        <line num="143" type="stmt" count="0"/>
        <line num="145" type="stmt" count="0"/>
        <line num="147" type="stmt" count="0"/>
        <line num="149" type="stmt" count="0"/>
        <line num="150" type="stmt" count="0"/>
        <line num="153" type="stmt" count="0"/>
        <line num="154" type="stmt" count="0"/>
        <line num="157" type="stmt" count="0"/>
        <line num="159" type="stmt" count="0"/>
        <line num="170" type="method" name="getCategory" crap="12" count="0"/>
        <line num="172" type="stmt" count="0"/>
        <line num="174" type="stmt" count="0"/>
        <line num="176" type="stmt" count="0"/>
        <line num="178" type="stmt" count="0"/>
        <line num="180" type="stmt" count="0"/>
        <line num="181" type="stmt" count="0"/>
        <line num="184" type="stmt" count="0"/>
        <line num="185" type="stmt" count="0"/>
        <line num="188" type="stmt" count="0"/>
        <line num="190" type="stmt" count="0"/>
        <line num="193" type="method" name="getDownloadComments" crap="2" count="0"/>
        <line num="195" type="stmt" count="0"/>
        <line num="197" type="stmt" count="0"/>
        <line num="199" type="stmt" count="0"/>
        <line num="200" type="stmt" count="0"/>
        <line num="202" type="stmt" count="0"/>
        <line num="203" type="method" name="anonymous function" crap="2" count="0"/>
        <line num="204" type="stmt" count="0"/>
        <line num="206" type="stmt" count="0"/>
        <line num="208" type="stmt" count="0"/>
        <line num="214" type="method" name="getDownloadsRepo" crap="2" count="0"/>
        <line num="216" type="stmt" count="0"/>
        <line num="222" type="method" name="getDownloadCategoriesRepo" crap="2" count="0"/>
        <line num="224" type="stmt" count="0"/>
        <line num="230" type="method" name="getDownloadCommentRepo" crap="2" count="0"/>
        <line num="232" type="stmt" count="0"/>
        <line num="238" type="method" name="getRelatedContentRepo" crap="2" count="0"/>
        <line num="240" type="stmt" count="0"/>
        <metrics loc="242" ncloc="155" classes="1" methods="11" coveredmethods="0" conditionals="0" coveredconditionals="0" statements="66" coveredstatements="0" elements="77" coveredelements="0"/>
      </file>
      <file name="/Users/tickner/src/deskpro/deskPRO/app/src/DeskPRO/Bundle/AppBundle/DataService/FeedbackDataService.php">
        <class name="FeedbackDataService" namespace="DeskPRO\Bundle\AppBundle\DataService">
          <metrics methods="11" coveredmethods="0" conditionals="0" coveredconditionals="0" statements="75" coveredstatements="0" elements="86" coveredelements="0"/>
        </class>
        <line num="60" type="method" name="__construct" crap="2" count="0"/>
        <line num="62" type="stmt" count="0"/>
        <line num="63" type="stmt" count="0"/>
        <line num="71" type="method" name="getItemsPager" crap="110" count="0"/>
        <line num="73" type="stmt" count="0"/>
        <line num="75" type="stmt" count="0"/>
        <line num="77" type="stmt" count="0"/>
        <line num="78" type="stmt" count="0"/>
        <line num="79" type="stmt" count="0"/>
        <line num="81" type="stmt" count="0"/>
        <line num="83" type="stmt" count="0"/>
        <line num="84" type="stmt" count="0"/>
        <line num="88" type="stmt" count="0"/>
        <line num="89" type="stmt" count="0"/>
        <line num="90" type="stmt" count="0"/>
        <line num="91" type="stmt" count="0"/>
        <line num="92" type="stmt" count="0"/>
        <line num="93" type="stmt" count="0"/>
        <line num="94" type="stmt" count="0"/>
        <line num="95" type="stmt" count="0"/>
        <line num="96" type="stmt" count="0"/>
        <line num="97" type="stmt" count="0"/>
        <line num="98" type="stmt" count="0"/>
        <line num="99" type="stmt" count="0"/>
        <line num="100" type="stmt" count="0"/>
        <line num="101" type="stmt" count="0"/>
        <line num="105" type="stmt" count="0"/>
        <line num="106" type="stmt" count="0"/>
        <line num="107" type="stmt" count="0"/>
        <line num="111" type="stmt" count="0"/>
        <line num="112" type="stmt" count="0"/>
        <line num="113" type="stmt" count="0"/>
        <line num="117" type="stmt" count="0"/>
        <line num="118" type="stmt" count="0"/>
        <line num="119" type="stmt" count="0"/>
        <line num="120" type="stmt" count="0"/>
        <line num="121" type="stmt" count="0"/>
        <line num="122" type="stmt" count="0"/>
        <line num="123" type="stmt" count="0"/>
        <line num="124" type="stmt" count="0"/>
        <line num="125" type="stmt" count="0"/>
        <line num="126" type="stmt" count="0"/>
        <line num="127" type="stmt" count="0"/>
        <line num="128" type="stmt" count="0"/>
        <line num="129" type="stmt" count="0"/>
        <line num="130" type="stmt" count="0"/>
        <line num="134" type="stmt" count="0"/>
        <line num="136" type="stmt" count="0"/>
        <line num="137" type="stmt" count="0"/>
        <line num="138" type="stmt" count="0"/>
        <line num="140" type="stmt" count="0"/>
        <line num="142" type="stmt" count="0"/>
        <line num="149" type="method" name="getItem" crap="12" count="0"/>
        <line num="151" type="stmt" count="0"/>
        <line num="153" type="stmt" count="0"/>
        <line num="155" type="stmt" count="0"/>
        <line num="157" type="stmt" count="0"/>
        <line num="159" type="stmt" count="0"/>
        <line num="160" type="stmt" count="0"/>
        <line num="163" type="stmt" count="0"/>
        <line num="164" type="stmt" count="0"/>
        <line num="167" type="stmt" count="0"/>
        <line num="169" type="stmt" count="0"/>
        <line num="172" type="method" name="getItemComments" crap="2" count="0"/>
        <line num="174" type="stmt" count="0"/>
        <line num="176" type="stmt" count="0"/>
        <line num="178" type="stmt" count="0"/>
        <line num="179" type="stmt" count="0"/>
        <line num="181" type="stmt" count="0"/>
        <line num="182" type="method" name="anonymous function" crap="2" count="0"/>
        <line num="183" type="stmt" count="0"/>
        <line num="185" type="stmt" count="0"/>
        <line num="187" type="stmt" count="0"/>
        <line num="194" type="method" name="getFeedbackCategoriesForPerson" crap="2" count="0"/>
        <line num="197" type="stmt" count="0"/>
        <line num="204" type="method" name="getFeedbackStatusCategory" crap="6" count="0"/>
        <line num="206" type="stmt" count="0"/>
        <line num="207" type="stmt" count="0"/>
        <line num="210" type="stmt" count="0"/>
        <line num="216" type="method" name="getItemsRepo" crap="2" count="0"/>
        <line num="218" type="stmt" count="0"/>
        <line num="224" type="method" name="getFeedbackStatusCategoryRepo" crap="2" count="0"/>
        <line num="226" type="stmt" count="0"/>
        <line num="232" type="method" name="getFeedbackCategoryRepo" crap="2" count="0"/>
        <line num="234" type="stmt" count="0"/>
        <line num="240" type="method" name="getItemCommetRepo" crap="2" count="0"/>
        <line num="242" type="stmt" count="0"/>
        <metrics loc="244" ncloc="154" classes="1" methods="11" coveredmethods="0" conditionals="0" coveredconditionals="0" statements="76" coveredstatements="0" elements="87" coveredelements="0"/>
      </file>
      <file name="/Users/tickner/src/deskpro/deskPRO/app/src/DeskPRO/Bundle/AppBundle/DataService/NewsDataService.php">
        <class name="NewsDataService" namespace="DeskPRO\Bundle\AppBundle\DataService">
          <metrics methods="11" coveredmethods="0" conditionals="0" coveredconditionals="0" statements="65" coveredstatements="0" elements="76" coveredelements="0"/>
        </class>
        <line num="57" type="method" name="__construct" crap="2" count="0"/>
        <line num="59" type="stmt" count="0"/>
        <line num="60" type="stmt" count="0"/>
        <line num="68" type="method" name="getNewsPager" crap="6" count="0"/>
        <line num="70" type="stmt" count="0"/>
        <line num="72" type="stmt" count="0"/>
        <line num="74" type="stmt" count="0"/>
        <line num="75" type="stmt" count="0"/>
        <line num="76" type="stmt" count="0"/>
        <line num="78" type="stmt" count="0"/>
        <line num="80" type="stmt" count="0"/>
        <line num="82" type="stmt" count="0"/>
        <line num="83" type="stmt" count="0"/>
        <line num="84" type="stmt" count="0"/>
        <line num="85" type="stmt" count="0"/>
        <line num="87" type="stmt" count="0"/>
        <line num="88" type="stmt" count="0"/>
        <line num="89" type="stmt" count="0"/>
        <line num="90" type="stmt" count="0"/>
        <line num="92" type="stmt" count="0"/>
        <line num="93" type="stmt" count="0"/>
        <line num="94" type="stmt" count="0"/>
        <line num="96" type="stmt" count="0"/>
        <line num="98" type="stmt" count="0"/>
        <line num="112" type="method" name="getCategoryChildren" crap="20" count="0"/>
        <line num="114" type="stmt" count="0"/>
        <line num="116" type="stmt" count="0"/>
        <line num="118" type="stmt" count="0"/>
        <line num="120" type="stmt" count="0"/>
        <line num="122" type="stmt" count="0"/>
        <line num="123" type="stmt" count="0"/>
        <line num="126" type="stmt" count="0"/>
        <line num="127" type="stmt" count="0"/>
        <line num="128" type="stmt" count="0"/>
        <line num="130" type="stmt" count="0"/>
        <line num="132" type="stmt" count="0"/>
        <line num="134" type="stmt" count="0"/>
        <line num="141" type="method" name="getPost" crap="12" count="0"/>
        <line num="143" type="stmt" count="0"/>
        <line num="145" type="stmt" count="0"/>
        <line num="147" type="stmt" count="0"/>
        <line num="149" type="stmt" count="0"/>
        <line num="151" type="stmt" count="0"/>
        <line num="152" type="stmt" count="0"/>
        <line num="155" type="stmt" count="0"/>
        <line num="156" type="stmt" count="0"/>
        <line num="159" type="stmt" count="0"/>
        <line num="161" type="stmt" count="0"/>
        <line num="172" type="method" name="getCategory" crap="12" count="0"/>
        <line num="174" type="stmt" count="0"/>
        <line num="176" type="stmt" count="0"/>
        <line num="178" type="stmt" count="0"/>
        <line num="180" type="stmt" count="0"/>
        <line num="182" type="stmt" count="0"/>
        <line num="183" type="stmt" count="0"/>
        <line num="186" type="stmt" count="0"/>
        <line num="187" type="stmt" count="0"/>
        <line num="190" type="stmt" count="0"/>
        <line num="192" type="stmt" count="0"/>
        <line num="195" type="method" name="getPostComments" crap="2" count="0"/>
        <line num="197" type="stmt" count="0"/>
        <line num="199" type="stmt" count="0"/>
        <line num="201" type="stmt" count="0"/>
        <line num="202" type="stmt" count="0"/>
        <line num="204" type="stmt" count="0"/>
        <line num="205" type="method" name="anonymous function" crap="2" count="0"/>
        <line num="206" type="stmt" count="0"/>
        <line num="208" type="stmt" count="0"/>
        <line num="210" type="stmt" count="0"/>
        <line num="216" type="method" name="getNewsRepo" crap="2" count="0"/>
        <line num="218" type="stmt" count="0"/>
        <line num="224" type="method" name="getNewsCategoriesRepo" crap="2" count="0"/>
        <line num="226" type="stmt" count="0"/>
        <line num="232" type="method" name="getNewsCommentRepo" crap="2" count="0"/>
        <line num="234" type="stmt" count="0"/>
        <line num="240" type="method" name="getRelatedContentRepo" crap="2" count="0"/>
        <line num="242" type="stmt" count="0"/>
        <metrics loc="244" ncloc="157" classes="1" methods="11" coveredmethods="0" conditionals="0" coveredconditionals="0" statements="66" coveredstatements="0" elements="77" coveredelements="0"/>
      </file>
      <file name="/Users/tickner/src/deskpro/deskPRO/app/src/DeskPRO/Bundle/AppBundle/DataService/PersonDataService.php">
        <class name="PersonDataService" namespace="DeskPRO\Bundle\AppBundle\DataService">
          <metrics methods="5" coveredmethods="0" conditionals="0" coveredconditionals="0" statements="9" coveredstatements="0" elements="14" coveredelements="0"/>
        </class>
        <line num="48" type="method" name="__construct" crap="2" count="0"/>
        <line num="50" type="stmt" count="0"/>
        <line num="51" type="stmt" count="0"/>
        <line num="57" type="method" name="getPerson" crap="2" count="0"/>
        <line num="59" type="stmt" count="0"/>
        <line num="66" type="method" name="getPersonForEmail" crap="2" count="0"/>
        <line num="69" type="stmt" count="0"/>
        <line num="72" type="method" name="getPersonForPasswordResetCode" crap="6" count="0"/>
        <line num="75" type="stmt" count="0"/>
        <line num="76" type="stmt" count="0"/>
        <line num="78" type="stmt" count="0"/>
        <line num="81" type="stmt" count="0"/>
        <line num="87" type="method" name="getPersonRepo" crap="2" count="0"/>
        <line num="89" type="stmt" count="0"/>
        <metrics loc="91" ncloc="42" classes="1" methods="5" coveredmethods="0" conditionals="0" coveredconditionals="0" statements="9" coveredstatements="0" elements="14" coveredelements="0"/>
      </file>
      <file name="/Users/tickner/src/deskpro/deskPRO/app/src/DeskPRO/Bundle/AppBundle/DataService/RatingsDataService.php">
        <class name="RatingsDataService" namespace="DeskPRO\Bundle\AppBundle\DataService">
          <metrics methods="4" coveredmethods="0" conditionals="0" coveredconditionals="0" statements="12" coveredstatements="0" elements="16" coveredelements="0"/>
        </class>
        <line num="48" type="method" name="__construct" crap="2" count="0"/>
        <line num="50" type="stmt" count="0"/>
        <line num="51" type="stmt" count="0"/>
        <line num="57" type="method" name="getRating" crap="12" count="0"/>
        <line num="59" type="stmt" count="0"/>
        <line num="61" type="stmt" count="0"/>
        <line num="63" type="stmt" count="0"/>
        <line num="65" type="stmt" count="0"/>
        <line num="66" type="method" name="anonymous function" crap="12" count="0"/>
        <line num="67" type="stmt" count="0"/>
        <line num="68" type="stmt" count="0"/>
        <line num="71" type="stmt" count="0"/>
        <line num="72" type="stmt" count="0"/>
        <line num="75" type="stmt" count="0"/>
        <line num="77" type="stmt" count="0"/>
        <line num="83" type="method" name="getRatingRepo" crap="2" count="0"/>
        <line num="85" type="stmt" count="0"/>
        <metrics loc="87" ncloc="42" classes="1" methods="4" coveredmethods="0" conditionals="0" coveredconditionals="0" statements="13" coveredstatements="0" elements="17" coveredelements="0"/>
      </file>
      <file name="/Users/tickner/src/deskpro/deskPRO/app/src/DeskPRO/Bundle/AppBundle/DataService/TicketViewService.php">
        <class name="TicketViewService" namespace="DeskPRO\Bundle\AppBundle\DataService">
          <metrics methods="3" coveredmethods="0" conditionals="0" coveredconditionals="0" statements="88" coveredstatements="0" elements="91" coveredelements="0"/>
        </class>
        <line num="62" type="method" name="__construct" crap="2" count="0"/>
        <line num="64" type="stmt" count="0"/>
        <line num="65" type="stmt" count="0"/>
        <line num="66" type="stmt" count="0"/>
        <line num="67" type="stmt" count="0"/>
        <line num="69" type="method" name="getUserTicketView" crap="240" count="0"/>
        <line num="74" type="stmt" count="0"/>
        <line num="75" type="stmt" count="0"/>
        <line num="77" type="stmt" count="0"/>
        <line num="78" type="stmt" count="0"/>
        <line num="81" type="stmt" count="0"/>
        <line num="82" type="stmt" count="0"/>
        <line num="83" type="stmt" count="0"/>
        <line num="84" type="stmt" count="0"/>
        <line num="85" type="stmt" count="0"/>
        <line num="86" type="stmt" count="0"/>
        <line num="87" type="stmt" count="0"/>
        <line num="88" type="stmt" count="0"/>
        <line num="89" type="stmt" count="0"/>
        <line num="90" type="stmt" count="0"/>
        <line num="91" type="stmt" count="0"/>
        <line num="92" type="stmt" count="0"/>
        <line num="93" type="stmt" count="0"/>
        <line num="94" type="stmt" count="0"/>
        <line num="95" type="stmt" count="0"/>
        <line num="96" type="stmt" count="0"/>
        <line num="97" type="stmt" count="0"/>
        <line num="98" type="stmt" count="0"/>
        <line num="99" type="stmt" count="0"/>
        <line num="100" type="stmt" count="0"/>
        <line num="101" type="stmt" count="0"/>
        <line num="102" type="stmt" count="0"/>
        <line num="104" type="stmt" count="0"/>
        <line num="106" type="stmt" count="0"/>
        <line num="107" type="stmt" count="0"/>
        <line num="108" type="stmt" count="0"/>
        <line num="109" type="stmt" count="0"/>
        <line num="110" type="stmt" count="0"/>
        <line num="111" type="stmt" count="0"/>
        <line num="112" type="stmt" count="0"/>
        <line num="113" type="stmt" count="0"/>
        <line num="115" type="stmt" count="0"/>
        <line num="117" type="stmt" count="0"/>
        <line num="118" type="stmt" count="0"/>
        <line num="119" type="stmt" count="0"/>
        <line num="120" type="stmt" count="0"/>
        <line num="121" type="stmt" count="0"/>
        <line num="122" type="stmt" count="0"/>
        <line num="123" type="stmt" count="0"/>
        <line num="124" type="stmt" count="0"/>
        <line num="126" type="stmt" count="0"/>
        <line num="134" type="method" name="getValueForCustomFormField" crap="182" count="0"/>
        <line num="136" type="stmt" count="0"/>
        <line num="137" type="stmt" count="0"/>
        <line num="138" type="stmt" count="0"/>
        <line num="139" type="stmt" count="0"/>
        <line num="140" type="stmt" count="0"/>
        <line num="141" type="stmt" count="0"/>
        <line num="142" type="stmt" count="0"/>
        <line num="143" type="stmt" count="0"/>
        <line num="144" type="stmt" count="0"/>
        <line num="145" type="stmt" count="0"/>
        <line num="146" type="stmt" count="0"/>
        <line num="147" type="stmt" count="0"/>
        <line num="148" type="stmt" count="0"/>
        <line num="149" type="stmt" count="0"/>
        <line num="150" type="stmt" count="0"/>
        <line num="152" type="stmt" count="0"/>
        <line num="153" type="stmt" count="0"/>
        <line num="154" type="stmt" count="0"/>
        <line num="155" type="stmt" count="0"/>
        <line num="156" type="stmt" count="0"/>
        <line num="157" type="stmt" count="0"/>
        <line num="158" type="stmt" count="0"/>
        <line num="159" type="stmt" count="0"/>
        <line num="160" type="stmt" count="0"/>
        <line num="161" type="stmt" count="0"/>
        <line num="163" type="stmt" count="0"/>
        <line num="164" type="stmt" count="0"/>
        <line num="165" type="stmt" count="0"/>
        <line num="166" type="stmt" count="0"/>
        <line num="167" type="stmt" count="0"/>
        <line num="168" type="stmt" count="0"/>
        <line num="169" type="stmt" count="0"/>
        <line num="170" type="stmt" count="0"/>
        <line num="171" type="stmt" count="0"/>
        <line num="172" type="stmt" count="0"/>
        <line num="173" type="stmt" count="0"/>
        <line num="174" type="stmt" count="0"/>
        <line num="175" type="stmt" count="0"/>
        <line num="176" type="stmt" count="0"/>
        <metrics loc="178" ncloc="124" classes="1" methods="3" coveredmethods="0" conditionals="0" coveredconditionals="0" statements="88" coveredstatements="0" elements="91" coveredelements="0"/>
      </file>
      <file name="/Users/tickner/src/deskpro/deskPRO/app/src/DeskPRO/Bundle/AppBundle/DataService/TicketsDataService.php">
        <class name="TicketsDataService" namespace="DeskPRO\Bundle\AppBundle\DataService">
          <metrics methods="5" coveredmethods="0" conditionals="0" coveredconditionals="0" statements="81" coveredstatements="0" elements="86" coveredelements="0"/>
        </class>
        <line num="58" type="method" name="__construct" crap="2" count="0"/>
        <line num="60" type="stmt" count="0"/>
        <line num="61" type="stmt" count="0"/>
        <line num="70" type="method" name="getPager" crap="132" count="0"/>
        <line num="72" type="stmt" count="0"/>
        <line num="74" type="stmt" count="0"/>
        <line num="76" type="stmt" count="0"/>
        <line num="77" type="stmt" count="0"/>
        <line num="78" type="stmt" count="0"/>
        <line num="79" type="stmt" count="0"/>
        <line num="81" type="stmt" count="0"/>
        <line num="83" type="stmt" count="0"/>
        <line num="85" type="stmt" count="0"/>
        <line num="86" type="stmt" count="0"/>
        <line num="87" type="stmt" count="0"/>
        <line num="88" type="stmt" count="0"/>
        <line num="92" type="stmt" count="0"/>
        <line num="94" type="stmt" count="0"/>
        <line num="97" type="stmt" count="0"/>
        <line num="99" type="stmt" count="0"/>
        <line num="101" type="stmt" count="0"/>
        <line num="103" type="stmt" count="0"/>
        <line num="104" type="stmt" count="0"/>
        <line num="105" type="stmt" count="0"/>
        <line num="107" type="stmt" count="0"/>
        <line num="108" type="stmt" count="0"/>
        <line num="109" type="stmt" count="0"/>
        <line num="114" type="stmt" count="0"/>
        <line num="118" type="stmt" count="0"/>
        <line num="123" type="stmt" count="0"/>
        <line num="125" type="stmt" count="0"/>
        <line num="126" type="stmt" count="0"/>
        <line num="127" type="stmt" count="0"/>
        <line num="129" type="stmt" count="0"/>
        <line num="130" type="stmt" count="0"/>
        <line num="131" type="stmt" count="0"/>
        <line num="133" type="stmt" count="0"/>
        <line num="134" type="stmt" count="0"/>
        <line num="135" type="stmt" count="0"/>
        <line num="136" type="stmt" count="0"/>
        <line num="138" type="stmt" count="0"/>
        <line num="141" type="stmt" count="0"/>
        <line num="144" type="stmt" count="0"/>
        <line num="145" type="stmt" count="0"/>
        <line num="146" type="stmt" count="0"/>
        <line num="147" type="stmt" count="0"/>
        <line num="148" type="stmt" count="0"/>
        <line num="150" type="stmt" count="0"/>
        <line num="151" type="stmt" count="0"/>
        <line num="152" type="stmt" count="0"/>
        <line num="153" type="stmt" count="0"/>
        <line num="155" type="stmt" count="0"/>
        <line num="156" type="stmt" count="0"/>
        <line num="157" type="stmt" count="0"/>
        <line num="158" type="stmt" count="0"/>
        <line num="160" type="stmt" count="0"/>
        <line num="161" type="stmt" count="0"/>
        <line num="162" type="stmt" count="0"/>
        <line num="164" type="stmt" count="0"/>
        <line num="166" type="stmt" count="0"/>
        <line num="176" type="method" name="getTicketCount" crap="12" count="0"/>
        <line num="178" type="stmt" count="0"/>
        <line num="180" type="stmt" count="0"/>
        <line num="182" type="stmt" count="0"/>
        <line num="183" type="stmt" count="0"/>
        <line num="185" type="stmt" count="0"/>
        <line num="186" type="method" name="anonymous function" crap="12" count="0"/>
        <line num="187" type="stmt" count="0"/>
        <line num="189" type="stmt" count="0"/>
        <line num="190" type="stmt" count="0"/>
        <line num="191" type="stmt" count="0"/>
        <line num="193" type="stmt" count="0"/>
        <line num="194" type="stmt" count="0"/>
        <line num="196" type="stmt" count="0"/>
        <line num="199" type="stmt" count="0"/>
        <line num="200" type="stmt" count="0"/>
        <line num="201" type="stmt" count="0"/>
        <line num="204" type="stmt" count="0"/>
        <line num="205" type="stmt" count="0"/>
        <line num="206" type="stmt" count="0"/>
        <line num="207" type="stmt" count="0"/>
        <line num="208" type="stmt" count="0"/>
        <line num="211" type="stmt" count="0"/>
        <line num="213" type="stmt" count="0"/>
        <line num="215" type="stmt" count="0"/>
        <line num="221" type="method" name="getTicketRepo" crap="2" count="0"/>
        <line num="223" type="stmt" count="0"/>
        <metrics loc="225" ncloc="156" classes="1" methods="5" coveredmethods="0" conditionals="0" coveredconditionals="0" statements="82" coveredstatements="0" elements="87" coveredelements="0"/>
      </file>
    </package>
    <package name="DeskPRO\Bundle\AppBundle\DependencyInjection">
      <file name="/Users/tickner/src/deskpro/deskPRO/app/src/DeskPRO/Bundle/AppBundle/DependencyInjection/AppExtension.php">
        <class name="AppExtension" namespace="DeskPRO\Bundle\AppBundle\DependencyInjection">
          <metrics methods="1" coveredmethods="0" conditionals="0" coveredconditionals="0" statements="8" coveredstatements="0" elements="9" coveredelements="0"/>
        </class>
        <line num="44" type="method" name="load" crap="2" count="0"/>
        <line num="46" type="stmt" count="0"/>
        <line num="47" type="stmt" count="0"/>
        <line num="48" type="stmt" count="0"/>
        <line num="49" type="stmt" count="0"/>
        <line num="50" type="stmt" count="0"/>
        <line num="51" type="stmt" count="0"/>
        <line num="53" type="stmt" count="0"/>
        <line num="54" type="stmt" count="0"/>
        <metrics loc="55" ncloc="24" classes="1" methods="1" coveredmethods="0" conditionals="0" coveredconditionals="0" statements="8" coveredstatements="0" elements="9" coveredelements="0"/>
      </file>
    </package>
    <package name="DeskPRO\Bundle\AppBundle\DependencyInjection\Compiler">
      <file name="/Users/tickner/src/deskpro/deskPRO/app/src/DeskPRO/Bundle/AppBundle/DependencyInjection/Compiler/AppSecretPass.php">
        <class name="AppSecretPass" namespace="DeskPRO\Bundle\AppBundle\DependencyInjection\Compiler">
          <metrics methods="1" coveredmethods="0" conditionals="0" coveredconditionals="0" statements="21" coveredstatements="0" elements="22" coveredelements="0"/>
        </class>
        <line num="44" type="method" name="process" crap="90" count="0"/>
        <line num="46" type="stmt" count="0"/>
        <line num="48" type="stmt" count="0"/>
        <line num="50" type="stmt" count="0"/>
        <line num="51" type="stmt" count="0"/>
        <line num="52" type="stmt" count="0"/>
        <line num="54" type="stmt" count="0"/>
        <line num="55" type="stmt" count="0"/>
        <line num="56" type="stmt" count="0"/>
        <line num="58" type="stmt" count="0"/>
        <line num="59" type="stmt" count="0"/>
        <line num="60" type="stmt" count="0"/>
        <line num="62" type="stmt" count="0"/>
        <line num="63" type="stmt" count="0"/>
        <line num="64" type="stmt" count="0"/>
        <line num="66" type="stmt" count="0"/>
        <line num="67" type="stmt" count="0"/>
        <line num="68" type="stmt" count="0"/>
        <line num="69" type="stmt" count="0"/>
        <line num="70" type="stmt" count="0"/>
        <line num="71" type="stmt" count="0"/>
        <line num="73" type="stmt" count="0"/>
        <metrics loc="74" ncloc="43" classes="1" methods="1" coveredmethods="0" conditionals="0" coveredconditionals="0" statements="21" coveredstatements="0" elements="22" coveredelements="0"/>
      </file>
    </package>
    <package name="DeskPRO\Bundle\AppBundle\EventListener">
      <file name="/Users/tickner/src/deskpro/deskPRO/app/src/DeskPRO/Bundle/AppBundle/EventListener/DoctrineContentSlugListener.php">
        <class name="DoctrineContentSlugListener" namespace="DeskPRO\Bundle\AppBundle\EventListener">
          <metrics methods="6" coveredmethods="0" conditionals="0" coveredconditionals="0" statements="35" coveredstatements="0" elements="41" coveredelements="0"/>
        </class>
        <line num="59" type="method" name="__construct" crap="2" count="0"/>
        <line num="61" type="stmt" count="0"/>
        <line num="62" type="stmt" count="0"/>
        <line num="63" type="stmt" count="0"/>
        <line num="65" type="method" name="prePersist" crap="6" count="0"/>
        <line num="67" type="stmt" count="0"/>
        <line num="69" type="stmt" count="0"/>
        <line num="70" type="stmt" count="0"/>
        <line num="73" type="stmt" count="0"/>
        <line num="74" type="stmt" count="0"/>
        <line num="76" type="method" name="preUpdate" crap="6" count="0"/>
        <line num="78" type="stmt" count="0"/>
        <line num="80" type="stmt" count="0"/>
        <line num="81" type="stmt" count="0"/>
        <line num="84" type="stmt" count="0"/>
        <line num="87" type="stmt" count="0"/>
        <line num="88" type="stmt" count="0"/>
        <line num="89" type="stmt" count="0"/>
        <line num="90" type="stmt" count="0"/>
        <line num="92" type="stmt" count="0"/>
        <line num="93" type="stmt" count="0"/>
        <line num="95" type="method" name="ensureValidSlug" crap="6" count="0"/>
        <line num="97" type="stmt" count="0"/>
        <line num="98" type="stmt" count="0"/>
        <line num="100" type="stmt" count="0"/>
        <line num="101" type="stmt" count="0"/>
        <line num="102" type="stmt" count="0"/>
        <line num="104" type="method" name="postFlush" crap="12" count="0"/>
        <line num="106" type="stmt" count="0"/>
        <line num="108" type="stmt" count="0"/>
        <line num="110" type="stmt" count="0"/>
        <line num="111" type="stmt" count="0"/>
        <line num="112" type="stmt" count="0"/>
        <line num="114" type="stmt" count="0"/>
        <line num="116" type="stmt" count="0"/>
        <line num="117" type="stmt" count="0"/>
        <line num="118" type="stmt" count="0"/>
        <line num="120" type="method" name="getSubscribedEvents" crap="2" count="0"/>
        <line num="123" type="stmt" count="0"/>
        <line num="124" type="stmt" count="0"/>
        <line num="126" type="stmt" count="0"/>
        <metrics loc="128" ncloc="85" classes="1" methods="6" coveredmethods="0" conditionals="0" coveredconditionals="0" statements="35" coveredstatements="0" elements="41" coveredelements="0"/>
      </file>
      <file name="/Users/tickner/src/deskpro/deskPRO/app/src/DeskPRO/Bundle/AppBundle/EventListener/RedirectProtectionListener.php">
        <class name="RedirectProtectionListener" namespace="DeskPRO\Bundle\AppBundle\EventListener">
          <metrics methods="4" coveredmethods="0" conditionals="0" coveredconditionals="0" statements="32" coveredstatements="0" elements="36" coveredelements="0"/>
        </class>
        <line num="66" type="method" name="__construct" crap="2" count="0"/>
        <line num="68" type="stmt" count="0"/>
        <line num="69" type="stmt" count="0"/>
        <line num="70" type="stmt" count="0"/>
        <line num="71" type="stmt" count="0"/>
        <line num="73" type="method" name="onResponse" crap="56" count="0"/>
        <line num="75" type="stmt" count="0"/>
        <line num="76" type="stmt" count="0"/>
        <line num="81" type="stmt" count="0"/>
        <line num="82" type="stmt" count="0"/>
        <line num="83" type="stmt" count="0"/>
        <line num="84" type="stmt" count="0"/>
        <line num="86" type="stmt" count="0"/>
        <line num="87" type="stmt" count="0"/>
        <line num="88" type="stmt" count="0"/>
        <line num="89" type="stmt" count="0"/>
        <line num="90" type="stmt" count="0"/>
        <line num="91" type="stmt" count="0"/>
        <line num="94" type="stmt" count="0"/>
        <line num="97" type="stmt" count="0"/>
        <line num="98" type="stmt" count="0"/>
        <line num="99" type="stmt" count="0"/>
        <line num="103" type="stmt" count="0"/>
        <line num="105" type="stmt" count="0"/>
        <line num="106" type="stmt" count="0"/>
        <line num="108" type="stmt" count="0"/>
        <line num="110" type="stmt" count="0"/>
        <line num="113" type="stmt" count="0"/>
        <line num="114" type="stmt" count="0"/>
        <line num="115" type="stmt" count="0"/>
        <line num="116" type="stmt" count="0"/>
        <line num="118" type="method" name="getSubscribedEvents" crap="2" count="0"/>
        <line num="121" type="stmt" count="0"/>
        <line num="122" type="stmt" count="0"/>
        <line num="125" type="method" name="getBrandSetting" crap="2" count="0"/>
        <line num="127" type="stmt" count="0"/>
        <metrics loc="129" ncloc="79" classes="1" methods="4" coveredmethods="0" conditionals="0" coveredconditionals="0" statements="32" coveredstatements="0" elements="36" coveredelements="0"/>
      </file>
      <file name="/Users/tickner/src/deskpro/deskPRO/app/src/DeskPRO/Bundle/AppBundle/EventListener/SecurityHeadersResponseListener.php">
        <class name="SecurityHeadersResponseListener" namespace="DeskPRO\Bundle\AppBundle\EventListener">
          <metrics methods="2" coveredmethods="0" conditionals="0" coveredconditionals="0" statements="8" coveredstatements="0" elements="10" coveredelements="0"/>
        </class>
        <line num="43" type="method" name="onResponse" crap="2" count="0"/>
        <line num="45" type="stmt" count="0"/>
        <line num="47" type="stmt" count="0"/>
        <line num="49" type="stmt" count="0"/>
        <line num="51" type="stmt" count="0"/>
        <line num="52" type="stmt" count="0"/>
        <line num="53" type="stmt" count="0"/>
        <line num="55" type="method" name="getSubscribedEvents" crap="2" count="0"/>
        <line num="58" type="stmt" count="0"/>
        <line num="59" type="stmt" count="0"/>
        <metrics loc="61" ncloc="30" classes="1" methods="2" coveredmethods="0" conditionals="0" coveredconditionals="0" statements="8" coveredstatements="0" elements="10" coveredelements="0"/>
      </file>
    </package>
    <package name="DeskPRO\Bundle\AppBundle\Helper">
      <file name="/Users/tickner/src/deskpro/deskPRO/app/src/DeskPRO/Bundle/AppBundle/Helper/ArbitraryHasher.php">
        <class name="ArbitraryHasher" namespace="DeskPRO\Bundle\AppBundle\Helper">
          <metrics methods="2" coveredmethods="0" conditionals="0" coveredconditionals="0" statements="22" coveredstatements="0" elements="24" coveredelements="0"/>
        </class>
        <line num="26" type="method" name="generateHash" crap="6" count="0"/>
        <line num="28" type="stmt" count="0"/>
        <line num="30" type="stmt" count="0"/>
        <line num="31" type="stmt" count="0"/>
        <line num="32" type="stmt" count="0"/>
        <line num="34" type="stmt" count="0"/>
        <line num="36" type="stmt" count="0"/>
        <line num="39" type="method" name="collectInputs" crap="72" count="0"/>
        <line num="41" type="stmt" count="0"/>
        <line num="42" type="stmt" count="0"/>
        <line num="45" type="stmt" count="0"/>
        <line num="46" type="stmt" count="0"/>
        <line num="49" type="stmt" count="0"/>
        <line num="51" type="stmt" count="0"/>
        <line num="52" type="stmt" count="0"/>
        <line num="53" type="stmt" count="0"/>
        <line num="58" type="stmt" count="0"/>
        <line num="59" type="stmt" count="0"/>
        <line num="61" type="stmt" count="0"/>
        <line num="62" type="stmt" count="0"/>
        <line num="63" type="stmt" count="0"/>
        <line num="65" type="stmt" count="0"/>
        <line num="67" type="stmt" count="0"/>
        <line num="70" type="stmt" count="0"/>
        <metrics loc="72" ncloc="54" classes="1" methods="2" coveredmethods="0" conditionals="0" coveredconditionals="0" statements="22" coveredstatements="0" elements="24" coveredelements="0"/>
      </file>
      <file name="/Users/tickner/src/deskpro/deskPRO/app/src/DeskPRO/Bundle/AppBundle/Helper/UrlHostChecker.php">
        <class name="UrlHostChecker" namespace="DeskPRO\Bundle\AppBundle\Helper">
          <metrics methods="2" coveredmethods="0" conditionals="0" coveredconditionals="0" statements="18" coveredstatements="0" elements="20" coveredelements="0"/>
        </class>
        <line num="7" type="method" name="isMatch" crap="72" count="0"/>
        <line num="9" type="stmt" count="0"/>
        <line num="10" type="stmt" count="0"/>
        <line num="13" type="stmt" count="0"/>
        <line num="14" type="stmt" count="0"/>
        <line num="18" type="stmt" count="0"/>
        <line num="19" type="stmt" count="0"/>
        <line num="20" type="stmt" count="0"/>
        <line num="21" type="stmt" count="0"/>
        <line num="24" type="stmt" count="0"/>
        <line num="25" type="stmt" count="0"/>
        <line num="26" type="stmt" count="0"/>
        <line num="28" type="stmt" count="0"/>
        <line num="29" type="stmt" count="0"/>
        <line num="32" type="stmt" count="0"/>
        <line num="35" type="method" name="isMatchUrl" crap="6" count="0"/>
        <line num="37" type="stmt" count="0"/>
        <line num="38" type="stmt" count="0"/>
        <line num="41" type="stmt" count="0"/>
        <line num="43" type="stmt" count="0"/>
        <metrics loc="45" ncloc="39" classes="1" methods="2" coveredmethods="0" conditionals="0" coveredconditionals="0" statements="18" coveredstatements="0" elements="20" coveredelements="0"/>
      </file>
    </package>
    <package name="DeskPRO\Bundle\AppBundle\Hierarchy\Formatter">
      <file name="/Users/tickner/src/deskpro/deskPRO/app/src/DeskPRO/Bundle/AppBundle/Hierarchy/Formatter/AbstractFormatter.php">
        <class name="AbstractFormatter" namespace="DeskPRO\Bundle\AppBundle\Hierarchy\Formatter">
          <metrics methods="2" coveredmethods="0" conditionals="0" coveredconditionals="0" statements="6" coveredstatements="0" elements="8" coveredelements="0"/>
        </class>
        <line num="52" type="method" name="__construct" crap="2" count="0"/>
        <line num="54" type="stmt" count="0"/>
        <line num="55" type="stmt" count="0"/>
        <line num="57" type="method" name="getDataValue" crap="6" count="0"/>
        <line num="59" type="stmt" count="0"/>
        <line num="60" type="stmt" count="0"/>
        <line num="61" type="stmt" count="0"/>
        <line num="64" type="stmt" count="0"/>
        <metrics loc="66" ncloc="29" classes="1" methods="2" coveredmethods="0" conditionals="0" coveredconditionals="0" statements="6" coveredstatements="0" elements="8" coveredelements="0"/>
      </file>
      <file name="/Users/tickner/src/deskpro/deskPRO/app/src/DeskPRO/Bundle/AppBundle/Hierarchy/Formatter/DashesFormatter.php">
        <class name="DashesFormatter" namespace="DeskPRO\Bundle\AppBundle\Hierarchy\Formatter">
          <metrics methods="1" coveredmethods="0" conditionals="0" coveredconditionals="0" statements="2" coveredstatements="0" elements="3" coveredelements="0"/>
        </class>
        <line num="45" type="method" name="format" crap="6" count="0"/>
        <line num="47" type="stmt" count="0"/>
        <line num="49" type="stmt" count="0"/>
        <metrics loc="51" ncloc="17" classes="1" methods="1" coveredmethods="0" conditionals="0" coveredconditionals="0" statements="2" coveredstatements="0" elements="3" coveredelements="0"/>
      </file>
      <file name="/Users/tickner/src/deskpro/deskPRO/app/src/DeskPRO/Bundle/AppBundle/Hierarchy/Formatter/DebugFormatter.php">
        <class name="DebugFormatter" namespace="DeskPRO\Bundle\AppBundle\Hierarchy\Formatter">
          <metrics methods="1" coveredmethods="0" conditionals="0" coveredconditionals="0" statements="1" coveredstatements="0" elements="2" coveredelements="0"/>
        </class>
        <line num="45" type="method" name="format" crap="2" count="0"/>
        <line num="47" type="stmt" count="0"/>
        <metrics loc="49" ncloc="15" classes="1" methods="1" coveredmethods="0" conditionals="0" coveredconditionals="0" statements="1" coveredstatements="0" elements="2" coveredelements="0"/>
      </file>
      <file name="/Users/tickner/src/deskpro/deskPRO/app/src/DeskPRO/Bundle/AppBundle/Hierarchy/Formatter/FlatListFormatter.php">
        <class name="FlatListFormatter" namespace="DeskPRO\Bundle\AppBundle\Hierarchy\Formatter">
          <metrics methods="1" coveredmethods="0" conditionals="0" coveredconditionals="0" statements="1" coveredstatements="0" elements="2" coveredelements="0"/>
        </class>
        <line num="45" type="method" name="format" crap="2" count="0"/>
        <line num="47" type="stmt" count="0"/>
        <metrics loc="49" ncloc="15" classes="1" methods="1" coveredmethods="0" conditionals="0" coveredconditionals="0" statements="1" coveredstatements="0" elements="2" coveredelements="0"/>
      </file>
      <file name="/Users/tickner/src/deskpro/deskPRO/app/src/DeskPRO/Bundle/AppBundle/Hierarchy/Formatter/ParentListFormatter.php">
        <class name="ParentListFormatter" namespace="DeskPRO\Bundle\AppBundle\Hierarchy\Formatter">
          <metrics methods="1" coveredmethods="0" conditionals="0" coveredconditionals="0" statements="5" coveredstatements="0" elements="6" coveredelements="0"/>
        </class>
        <line num="45" type="method" name="format" crap="6" count="0"/>
        <line num="47" type="stmt" count="0"/>
        <line num="49" type="stmt" count="0"/>
        <line num="50" type="stmt" count="0"/>
        <line num="51" type="stmt" count="0"/>
        <line num="53" type="stmt" count="0"/>
        <metrics loc="55" ncloc="21" classes="1" methods="1" coveredmethods="0" conditionals="0" coveredconditionals="0" statements="5" coveredstatements="0" elements="6" coveredelements="0"/>
      </file>
    </package>
    <package name="DeskPRO\Bundle\AppBundle\Hierarchy">
      <file name="/Users/tickner/src/deskpro/deskPRO/app/src/DeskPRO/Bundle/AppBundle/Hierarchy/Hierarchy.php">
        <class name="Hierarchy" namespace="DeskPRO\Bundle\AppBundle\Hierarchy">
          <metrics methods="9" coveredmethods="0" conditionals="0" coveredconditionals="0" statements="21" coveredstatements="0" elements="30" coveredelements="0"/>
        </class>
        <line num="67" type="method" name="__construct" crap="12" count="0"/>
        <line num="69" type="stmt" count="0"/>
        <line num="72" type="method" name="anonymous function" crap="2" count="0"/>
        <line num="73" type="stmt" count="0"/>
        <line num="74" type="stmt" count="0"/>
        <line num="75" type="stmt" count="0"/>
        <line num="77" type="stmt" count="0"/>
        <line num="78" type="stmt" count="0"/>
        <line num="79" type="stmt" count="0"/>
        <line num="81" type="stmt" count="0"/>
        <line num="82" type="stmt" count="0"/>
        <line num="83" type="stmt" count="0"/>
        <line num="88" type="method" name="getFormatter" crap="2" count="0"/>
        <line num="90" type="stmt" count="0"/>
        <line num="96" type="method" name="getRootNodes" crap="2" count="0"/>
        <line num="98" type="stmt" count="0"/>
        <line num="104" type="method" name="setFormatter" crap="2" count="0"/>
        <line num="106" type="stmt" count="0"/>
        <line num="107" type="stmt" count="0"/>
        <line num="117" type="method" name="getIterator" crap="2" count="0"/>
        <line num="119" type="stmt" count="0"/>
        <line num="132" type="method" name="count" crap="2" count="0"/>
        <line num="134" type="stmt" count="0"/>
        <line num="141" type="method" name="getNodeId" crap="6" count="0"/>
        <line num="143" type="stmt" count="0"/>
        <line num="153" type="method" name="findNodeById" crap="42" count="0"/>
        <line num="155" type="stmt" count="0"/>
        <line num="156" type="stmt" count="0"/>
        <line num="157" type="stmt" count="0"/>
        <line num="159" type="stmt" count="0"/>
        <line num="161" type="stmt" count="0"/>
        <line num="162" type="stmt" count="0"/>
        <line num="163" type="stmt" count="0"/>
        <line num="164" type="stmt" count="0"/>
        <line num="166" type="stmt" count="0"/>
        <line num="168" type="stmt" count="0"/>
        <line num="170" type="stmt" count="0"/>
        <metrics loc="172" ncloc="84" classes="1" methods="9" coveredmethods="0" conditionals="0" coveredconditionals="0" statements="28" coveredstatements="0" elements="37" coveredelements="0"/>
      </file>
      <file name="/Users/tickner/src/deskpro/deskPRO/app/src/DeskPRO/Bundle/AppBundle/Hierarchy/HierarchyNode.php">
        <class name="HierarchyNode" namespace="DeskPRO\Bundle\AppBundle\Hierarchy">
          <metrics methods="17" coveredmethods="0" conditionals="0" coveredconditionals="0" statements="51" coveredstatements="0" elements="68" coveredelements="0"/>
        </class>
        <line num="77" type="method" name="__construct" crap="2" count="0"/>
        <line num="79" type="stmt" count="0"/>
        <line num="80" type="stmt" count="0"/>
        <line num="81" type="stmt" count="0"/>
        <line num="82" type="stmt" count="0"/>
        <line num="83" type="stmt" count="0"/>
        <line num="85" type="method" name="__toString" crap="2" count="0"/>
        <line num="87" type="stmt" count="0"/>
        <line num="90" type="method" name="addChild" crap="2" count="0"/>
        <line num="92" type="stmt" count="0"/>
        <line num="93" type="stmt" count="0"/>
        <line num="94" type="stmt" count="0"/>
        <line num="97" type="method" name="anonymous function" crap="2" count="0"/>
        <line num="98" type="stmt" count="0"/>
        <line num="99" type="stmt" count="0"/>
        <line num="100" type="stmt" count="0"/>
        <line num="105" type="method" name="setHierarchy" crap="2" count="0"/>
        <line num="107" type="stmt" count="0"/>
        <line num="108" type="stmt" count="0"/>
        <line num="113" type="method" name="getHierarchy" crap="2" count="0"/>
        <line num="115" type="stmt" count="0"/>
        <line num="121" type="method" name="getRoot" crap="2" count="0"/>
        <line num="123" type="stmt" count="0"/>
        <line num="129" type="method" name="getDepth" crap="2" count="0"/>
        <line num="131" type="stmt" count="0"/>
        <line num="137" type="method" name="getOrder" crap="2" count="0"/>
        <line num="139" type="stmt" count="0"/>
        <line num="145" type="method" name="getData" crap="2" count="0"/>
        <line num="147" type="stmt" count="0"/>
        <line num="150" type="method" name="getIterator" crap="2" count="0"/>
        <line num="152" type="stmt" count="0"/>
        <line num="155" type="method" name="count" crap="2" count="0"/>
        <line num="157" type="stmt" count="0"/>
        <line num="167" type="method" name="findChildById" crap="42" count="0"/>
        <line num="169" type="stmt" count="0"/>
        <line num="170" type="stmt" count="0"/>
        <line num="171" type="stmt" count="0"/>
        <line num="173" type="stmt" count="0"/>
        <line num="175" type="stmt" count="0"/>
        <line num="176" type="stmt" count="0"/>
        <line num="177" type="stmt" count="0"/>
        <line num="178" type="stmt" count="0"/>
        <line num="180" type="stmt" count="0"/>
        <line num="181" type="stmt" count="0"/>
        <line num="183" type="stmt" count="0"/>
        <line num="186" type="method" name="setParent" crap="2" count="0"/>
        <line num="188" type="stmt" count="0"/>
        <line num="189" type="stmt" count="0"/>
        <line num="194" type="method" name="getParent" crap="2" count="0"/>
        <line num="196" type="stmt" count="0"/>
        <line num="204" type="method" name="getParents" crap="12" count="0"/>
        <line num="206" type="stmt" count="0"/>
        <line num="208" type="stmt" count="0"/>
        <line num="209" type="stmt" count="0"/>
        <line num="211" type="stmt" count="0"/>
        <line num="212" type="stmt" count="0"/>
        <line num="213" type="stmt" count="0"/>
        <line num="214" type="stmt" count="0"/>
        <line num="216" type="stmt" count="0"/>
        <line num="218" type="stmt" count="0"/>
        <line num="221" type="method" name="countTree" crap="20" count="0"/>
        <line num="223" type="stmt" count="0"/>
        <line num="224" type="stmt" count="0"/>
        <line num="225" type="stmt" count="0"/>
        <line num="226" type="stmt" count="0"/>
        <line num="229" type="stmt" count="0"/>
        <line num="230" type="stmt" count="0"/>
        <line num="231" type="stmt" count="0"/>
        <line num="233" type="stmt" count="0"/>
        <metrics loc="235" ncloc="144" classes="1" methods="17" coveredmethods="0" conditionals="0" coveredconditionals="0" statements="52" coveredstatements="0" elements="69" coveredelements="0"/>
      </file>
    </package>
    <file name="/Users/tickner/src/deskpro/deskPRO/app/src/DeskPRO/Bundle/AppBundle/Hierarchy/HierarchyFormatterInterface.php">
      <metrics loc="47" ncloc="10" classes="0" methods="0" coveredmethods="0" conditionals="0" coveredconditionals="0" statements="0" coveredstatements="0" elements="0" coveredelements="0"/>
    </file>
    <package name="DeskPRO\Bundle\AppBundle\Mailer">
      <file name="/Users/tickner/src/deskpro/deskPRO/app/src/DeskPRO/Bundle/AppBundle/Mailer/NewMailer.php">
        <class name="NewMailer" namespace="DeskPRO\Bundle\AppBundle\Mailer">
          <metrics methods="8" coveredmethods="0" conditionals="0" coveredconditionals="0" statements="45" coveredstatements="0" elements="53" coveredelements="0"/>
        </class>
        <line num="47" type="method" name="__construct" crap="2" count="0"/>
        <line num="49" type="stmt" count="0"/>
        <line num="50" type="stmt" count="0"/>
        <line num="52" type="method" name="sendPasswordResetLink" crap="2" count="0"/>
        <line num="54" type="stmt" count="0"/>
        <line num="57" type="stmt" count="0"/>
        <line num="58" type="stmt" count="0"/>
        <line num="59" type="stmt" count="0"/>
        <line num="60" type="stmt" count="0"/>
        <line num="61" type="stmt" count="0"/>
        <line num="63" type="stmt" count="0"/>
        <line num="64" type="stmt" count="0"/>
        <line num="65" type="stmt" count="0"/>
        <line num="66" type="stmt" count="0"/>
        <line num="67" type="stmt" count="0"/>
        <line num="68" type="stmt" count="0"/>
        <line num="69" type="stmt" count="0"/>
        <line num="71" type="method" name="sendLoginAlert" crap="2" count="0"/>
        <line num="75" type="stmt" count="0"/>
        <line num="77" type="stmt" count="0"/>
        <line num="79" type="stmt" count="0"/>
        <line num="80" type="stmt" count="0"/>
        <line num="81" type="stmt" count="0"/>
        <line num="82" type="stmt" count="0"/>
        <line num="83" type="stmt" count="0"/>
        <line num="84" type="stmt" count="0"/>
        <line num="85" type="stmt" count="0"/>
        <line num="93" type="method" name="sendMessage" crap="6" count="0"/>
        <line num="95" type="stmt" count="0"/>
        <line num="97" type="stmt" count="0"/>
        <line num="98" type="stmt" count="0"/>
        <line num="99" type="stmt" count="0"/>
        <line num="100" type="stmt" count="0"/>
        <line num="101" type="stmt" count="0"/>
        <line num="102" type="stmt" count="0"/>
        <line num="103" type="stmt" count="0"/>
        <line num="104" type="stmt" count="0"/>
        <line num="105" type="stmt" count="0"/>
        <line num="106" type="stmt" count="0"/>
        <line num="107" type="stmt" count="0"/>
        <line num="108" type="stmt" count="0"/>
        <line num="109" type="stmt" count="0"/>
        <line num="112" type="stmt" count="0"/>
        <line num="113" type="stmt" count="0"/>
        <line num="118" type="method" name="getSwiftMailer" crap="2" count="0"/>
        <line num="120" type="stmt" count="0"/>
        <line num="126" type="method" name="getTwig" crap="2" count="0"/>
        <line num="128" type="stmt" count="0"/>
        <line num="134" type="method" name="getRouter" crap="2" count="0"/>
        <line num="136" type="stmt" count="0"/>
        <line num="139" type="method" name="getDefaultOutgoingEmailAddress" crap="2" count="0"/>
        <line num="141" type="stmt" count="0"/>
        <line num="143" type="stmt" count="0"/>
        <metrics loc="144" ncloc="98" classes="1" methods="8" coveredmethods="0" conditionals="0" coveredconditionals="0" statements="45" coveredstatements="0" elements="53" coveredelements="0"/>
      </file>
    </package>
    <package name="DeskPRO\Bundle\AppBundle\Model">
      <file name="/Users/tickner/src/deskpro/deskPRO/app/src/DeskPRO/Bundle/AppBundle/Model/TicketView.php">
        <class name="TicketView" namespace="DeskPRO\Bundle\AppBundle\Model">
          <metrics methods="0" coveredmethods="0" conditionals="0" coveredconditionals="0" statements="0" coveredstatements="0" elements="0" coveredelements="0"/>
        </class>
        <metrics loc="41" ncloc="10" classes="1" methods="0" coveredmethods="0" conditionals="0" coveredconditionals="0" statements="0" coveredstatements="0" elements="0" coveredelements="0"/>
      </file>
    </package>
    <package name="DeskPRO\Bundle\AppBundle\Content">
      <file name="/Users/tickner/src/deskpro/deskPRO/app/src/DeskPRO/Bundle/AppBundle/Service/ContentSlugManager.php">
        <class name="ContentSlugManager" namespace="DeskPRO\Bundle\AppBundle\Content">
          <metrics methods="9" coveredmethods="0" conditionals="0" coveredconditionals="0" statements="52" coveredstatements="0" elements="61" coveredelements="0"/>
        </class>
        <line num="58" type="method" name="__construct" crap="2" count="0"/>
        <line num="60" type="stmt" count="0"/>
        <line num="61" type="stmt" count="0"/>
        <line num="63" type="method" name="getEm" crap="2" count="0"/>
        <line num="65" type="stmt" count="0"/>
        <line num="77" type="method" name="ensureValidSlug" crap="12" count="0"/>
        <line num="79" type="stmt" count="0"/>
        <line num="80" type="stmt" count="0"/>
        <line num="82" type="stmt" count="0"/>
        <line num="83" type="stmt" count="0"/>
        <line num="87" type="stmt" count="0"/>
        <line num="88" type="stmt" count="0"/>
        <line num="89" type="stmt" count="0"/>
        <line num="91" type="stmt" count="0"/>
        <line num="92" type="stmt" count="0"/>
        <line num="94" type="stmt" count="0"/>
        <line num="96" type="stmt" count="0"/>
        <line num="108" type="method" name="findContentObjectBySlug" crap="12" count="0"/>
        <line num="110" type="stmt" count="0"/>
        <line num="111" type="stmt" count="0"/>
        <line num="112" type="stmt" count="0"/>
        <line num="115" type="stmt" count="0"/>
        <line num="116" type="stmt" count="0"/>
        <line num="117" type="stmt" count="0"/>
        <line num="120" type="stmt" count="0"/>
        <line num="123" type="method" name="isValidSlug" crap="12" count="0"/>
        <line num="125" type="stmt" count="0"/>
        <line num="127" type="stmt" count="0"/>
        <line num="130" type="stmt" count="0"/>
        <line num="131" type="stmt" count="0"/>
        <line num="134" type="stmt" count="0"/>
        <line num="137" type="method" name="getContentBySlug" crap="2" count="0"/>
        <line num="139" type="stmt" count="0"/>
        <line num="142" type="method" name="getSlugHistoryBySlug" crap="2" count="0"/>
        <line num="144" type="stmt" count="0"/>
        <line num="151" type="method" name="getRepoForContent" crap="30" count="0"/>
        <line num="153" type="stmt" count="0"/>
        <line num="155" type="stmt" count="0"/>
        <line num="156" type="stmt" count="0"/>
        <line num="157" type="stmt" count="0"/>
        <line num="158" type="stmt" count="0"/>
        <line num="159" type="stmt" count="0"/>
        <line num="160" type="stmt" count="0"/>
        <line num="161" type="stmt" count="0"/>
        <line num="162" type="stmt" count="0"/>
        <line num="163" type="stmt" count="0"/>
        <line num="164" type="stmt" count="0"/>
        <line num="165" type="stmt" count="0"/>
        <line num="172" type="method" name="getHistoryRepoForContent" crap="30" count="0"/>
        <line num="174" type="stmt" count="0"/>
        <line num="175" type="stmt" count="0"/>
        <line num="176" type="stmt" count="0"/>
        <line num="177" type="stmt" count="0"/>
        <line num="178" type="stmt" count="0"/>
        <line num="179" type="stmt" count="0"/>
        <line num="180" type="stmt" count="0"/>
        <line num="181" type="stmt" count="0"/>
        <line num="182" type="stmt" count="0"/>
        <line num="183" type="stmt" count="0"/>
        <line num="184" type="stmt" count="0"/>
        <line num="185" type="stmt" count="0"/>
        <metrics loc="187" ncloc="116" classes="1" methods="9" coveredmethods="0" conditionals="0" coveredconditionals="0" statements="52" coveredstatements="0" elements="61" coveredelements="0"/>
      </file>
    </package>
    <package name="DeskPRO\Bundle\AppBundle\Security">
      <file name="/Users/tickner/src/deskpro/deskPRO/app/src/Application/AuthBundle/AuthBundle.php">
        <class name="AuthBundle" namespace="DeskPRO\Bundle\AppBundle\Security">
          <metrics methods="4" coveredmethods="0" conditionals="0" coveredconditionals="0" statements="8" coveredstatements="0" elements="12" coveredelements="0"/>
        </class>
        <line num="45" type="method" name="build" crap="2" count="0"/>
        <line num="47" type="stmt" count="0"/>
        <line num="49" type="stmt" count="0"/>
        <line num="50" type="stmt" count="0"/>
        <line num="51" type="stmt" count="0"/>
        <line num="52" type="stmt" count="0"/>
        <line num="54" type="method" name="registerCommands" crap="2" count="0"/>
        <line num="56" type="stmt" count="0"/>
        <line num="58" type="method" name="getNamespace" crap="2" count="0"/>
        <line num="60" type="stmt" count="0"/>
        <line num="63" type="method" name="getPath" crap="2" count="0"/>
        <line num="65" type="stmt" count="0"/>
        <metrics loc="67" ncloc="36" classes="1" methods="4" coveredmethods="0" conditionals="0" coveredconditionals="0" statements="8" coveredstatements="0" elements="12" coveredelements="0"/>
      </file>
    </package>
    <package name="DeskPRO\Bundle\AppBundle\Security\DependencyInjection">
      <file name="/Users/tickner/src/deskpro/deskPRO/app/src/Application/AuthBundle/DependencyInjection/AuthExtension.php">
        <class name="AuthExtension" namespace="DeskPRO\Bundle\AppBundle\Security\DependencyInjection">
          <metrics methods="1" coveredmethods="0" conditionals="0" coveredconditionals="0" statements="9" coveredstatements="0" elements="10" coveredelements="0"/>
        </class>
        <line num="45" type="method" name="load" crap="2" count="0"/>
        <line num="47" type="stmt" count="0"/>
        <line num="48" type="stmt" count="0"/>
        <line num="49" type="stmt" count="0"/>
        <line num="50" type="stmt" count="0"/>
        <line num="51" type="stmt" count="0"/>
        <line num="52" type="stmt" count="0"/>
        <line num="53" type="stmt" count="0"/>
        <line num="54" type="stmt" count="0"/>
        <line num="55" type="stmt" count="0"/>
        <metrics loc="56" ncloc="25" classes="1" methods="1" coveredmethods="0" conditionals="0" coveredconditionals="0" statements="9" coveredstatements="0" elements="10" coveredelements="0"/>
      </file>
    </package>
    <package name="DeskPRO\Bundle\AppBundle\Security\EventListener">
      <file name="/Users/tickner/src/deskpro/deskPRO/app/src/Application/AuthBundle/EventListener/SsoListener.php">
        <class name="SsoListener" namespace="DeskPRO\Bundle\AppBundle\Security\EventListener">
          <metrics methods="5" coveredmethods="0" conditionals="0" coveredconditionals="0" statements="35" coveredstatements="0" elements="40" coveredelements="0"/>
        </class>
        <line num="66" type="method" name="__construct" crap="2" count="0"/>
        <line num="68" type="stmt" count="0"/>
        <line num="69" type="stmt" count="0"/>
        <line num="70" type="stmt" count="0"/>
        <line num="71" type="stmt" count="0"/>
        <line num="73" type="method" name="onKernelRequest" crap="20" count="0"/>
        <line num="75" type="stmt" count="0"/>
        <line num="76" type="stmt" count="0"/>
        <line num="79" type="stmt" count="0"/>
        <line num="80" type="stmt" count="0"/>
        <line num="84" type="stmt" count="0"/>
        <line num="85" type="stmt" count="0"/>
        <line num="86" type="stmt" count="0"/>
        <line num="87" type="stmt" count="0"/>
        <line num="88" type="stmt" count="0"/>
        <line num="97" type="method" name="checkAuthSystemForResponse" crap="72" count="0"/>
        <line num="100" type="stmt" count="0"/>
        <line num="102" type="stmt" count="0"/>
        <line num="103" type="stmt" count="0"/>
        <line num="104" type="stmt" count="0"/>
        <line num="105" type="stmt" count="0"/>
        <line num="106" type="stmt" count="0"/>
        <line num="107" type="stmt" count="0"/>
        <line num="108" type="stmt" count="0"/>
        <line num="109" type="stmt" count="0"/>
        <line num="111" type="stmt" count="0"/>
        <line num="113" type="stmt" count="0"/>
        <line num="114" type="stmt" count="0"/>
        <line num="115" type="stmt" count="0"/>
        <line num="116" type="stmt" count="0"/>
        <line num="118" type="stmt" count="0"/>
        <line num="120" type="stmt" count="0"/>
        <line num="121" type="stmt" count="0"/>
        <line num="127" type="method" name="handleAutomaticSso" crap="6" count="0"/>
        <line num="129" type="stmt" count="0"/>
        <line num="130" type="stmt" count="0"/>
        <line num="133" type="stmt" count="0"/>
        <line num="136" type="method" name="getSubscribedEvents" crap="2" count="0"/>
        <line num="139" type="stmt" count="0"/>
        <line num="140" type="stmt" count="0"/>
        <metrics loc="142" ncloc="89" classes="1" methods="5" coveredmethods="0" conditionals="0" coveredconditionals="0" statements="35" coveredstatements="0" elements="40" coveredelements="0"/>
      </file>
    </package>
    <package name="DeskPRO\Bundle\AppBundle\Security\Handler">
      <file name="/Users/tickner/src/deskpro/deskPRO/app/src/Application/AuthBundle/Handler/AuthenticationFailureHandler.php">
        <class name="AuthenticationFailureHandler" namespace="DeskPRO\Bundle\AppBundle\Security\Handler">
          <metrics methods="2" coveredmethods="0" conditionals="0" coveredconditionals="0" statements="22" coveredstatements="0" elements="24" coveredelements="0"/>
        </class>
        <line num="64" type="method" name="__construct" crap="2" count="0"/>
        <line num="66" type="stmt" count="0"/>
        <line num="67" type="stmt" count="0"/>
        <line num="68" type="stmt" count="0"/>
        <line num="69" type="stmt" count="0"/>
        <line num="70" type="stmt" count="0"/>
        <line num="73" type="method" name="onAuthenticationFailure" crap="72" count="0"/>
        <line num="79" type="stmt" count="0"/>
        <line num="82" type="stmt" count="0"/>
        <line num="83" type="stmt" count="0"/>
        <line num="84" type="stmt" count="0"/>
        <line num="85" type="stmt" count="0"/>
        <line num="88" type="stmt" count="0"/>
        <line num="89" type="stmt" count="0"/>
        <line num="90" type="stmt" count="0"/>
        <line num="91" type="stmt" count="0"/>
        <line num="92" type="stmt" count="0"/>
        <line num="93" type="stmt" count="0"/>
        <line num="94" type="stmt" count="0"/>
        <line num="95" type="stmt" count="0"/>
        <line num="96" type="stmt" count="0"/>
        <line num="97" type="stmt" count="0"/>
        <line num="98" type="stmt" count="0"/>
        <line num="100" type="stmt" count="0"/>
        <metrics loc="103" ncloc="53" classes="1" methods="2" coveredmethods="0" conditionals="0" coveredconditionals="0" statements="22" coveredstatements="0" elements="24" coveredelements="0"/>
      </file>
      <file name="/Users/tickner/src/deskpro/deskPRO/app/src/Application/AuthBundle/Handler/AuthenticationSuccessHandler.php">
        <class name="AuthenticationSuccessHandler" namespace="DeskPRO\Bundle\AppBundle\Security\Handler">
          <metrics methods="2" coveredmethods="0" conditionals="0" coveredconditionals="0" statements="8" coveredstatements="0" elements="10" coveredelements="0"/>
        </class>
        <line num="54" type="method" name="onAuthenticationSuccess" crap="12" count="0"/>
        <line num="57" type="stmt" count="0"/>
        <line num="58" type="stmt" count="0"/>
        <line num="59" type="stmt" count="0"/>
        <line num="60" type="stmt" count="0"/>
        <line num="62" type="stmt" count="0"/>
        <line num="65" type="stmt" count="0"/>
        <line num="68" type="method" name="setContainer" crap="2" count="0"/>
        <line num="70" type="stmt" count="0"/>
        <line num="71" type="stmt" count="0"/>
        <metrics loc="72" ncloc="35" classes="1" methods="2" coveredmethods="0" conditionals="0" coveredconditionals="0" statements="8" coveredstatements="0" elements="10" coveredelements="0"/>
      </file>
      <file name="/Users/tickner/src/deskpro/deskPRO/app/src/Application/AuthBundle/Handler/LogoutHandler.php">
        <class name="LogoutHandler" namespace="DeskPRO\Bundle\AppBundle\Security\Handler">
          <metrics methods="1" coveredmethods="0" conditionals="0" coveredconditionals="0" statements="2" coveredstatements="0" elements="3" coveredelements="0"/>
        </class>
        <line num="46" type="method" name="logout" crap="2" count="0"/>
        <line num="48" type="stmt" count="0"/>
        <line num="49" type="stmt" count="0"/>
        <metrics loc="50" ncloc="19" classes="1" methods="1" coveredmethods="0" conditionals="0" coveredconditionals="0" statements="2" coveredstatements="0" elements="3" coveredelements="0"/>
      </file>
    </package>
    <package name="DeskPRO\Bundle\AppBundle\Security\Permissions">
      <file name="/Users/tickner/src/deskpro/deskPRO/app/src/Application/AuthBundle/Permissions/PermissionsBag.php">
        <class name="PermissionsBag" namespace="DeskPRO\Bundle\AppBundle\Security\Permissions">
          <metrics methods="14" coveredmethods="0" conditionals="0" coveredconditionals="0" statements="19" coveredstatements="0" elements="33" coveredelements="0"/>
        </class>
        <line num="50" type="method" name="__construct" crap="2" count="0"/>
        <line num="52" type="stmt" count="0"/>
        <line num="53" type="stmt" count="0"/>
        <line num="56" type="method" name="hasPermission" crap="6" count="0"/>
        <line num="58" type="stmt" count="0"/>
        <line num="59" type="stmt" count="0"/>
        <line num="62" type="stmt" count="0"/>
[...]
        <metrics loc="99" ncloc="50" classes="1" methods="7" coveredmethods="0" conditionals="0" coveredconditionals="0" statements="7" coveredstatements="0" elements="14" coveredelements="0"/>
      </file>
    </package>
    <package name="DeskPRO\Bundle\PortalBundle\Themes\Standard">
      <file name="/Users/tickner/src/deskpro/deskPRO/app/src/Application/PortalBundle/Themes/Standard/StandardTheme.php">
        <class name="StandardTheme" namespace="DeskPRO\Bundle\PortalBundle\Themes\Standard">
          <metrics methods="7" coveredmethods="0" conditionals="0" coveredconditionals="0" statements="7" coveredstatements="0" elements="14" coveredelements="0"/>
        </class>
        <line num="44" type="method" name="getId" crap="2" count="0"/>
        <line num="46" type="stmt" count="0"/>
        <line num="53" type="method" name="getParentId" crap="2" count="0"/>
        <line num="55" type="stmt" count="0"/>
        <line num="62" type="method" name="getName" crap="2" count="0"/>
        <line num="64" type="stmt" count="0"/>
        <line num="68" type="method" name="getHardCodedTags" crap="2" count="0"/>
        <line num="70" type="stmt" count="0"/>
        <line num="77" type="method" name="getBaseTemplateDir" crap="2" count="0"/>
        <line num="79" type="stmt" count="0"/>
        <line num="86" type="method" name="getBaseControllerDir" crap="2" count="0"/>
        <line num="88" type="stmt" count="0"/>
        <line num="95" type="method" name="getNamespace" crap="2" count="0"/>
        <line num="97" type="stmt" count="0"/>
        <metrics loc="99" ncloc="50" classes="1" methods="7" coveredmethods="0" conditionals="0" coveredconditionals="0" statements="7" coveredstatements="0" elements="14" coveredelements="0"/>
      </file>
    </package>
    <package name="DeskPRO\Bundle\PortalBundle\Themes\TabBar">
      <file name="/Users/tickner/src/deskpro/deskPRO/app/src/Application/PortalBundle/Themes/TabBar/TabBarTheme.php">
        <class name="TabBarTheme" namespace="DeskPRO\Bundle\PortalBundle\Themes\TabBar">
          <metrics methods="7" coveredmethods="0" conditionals="0" coveredconditionals="0" statements="7" coveredstatements="0" elements="14" coveredelements="0"/>
        </class>
        <line num="44" type="method" name="getId" crap="2" count="0"/>
        <line num="46" type="stmt" count="0"/>
        <line num="53" type="method" name="getParentId" crap="2" count="0"/>
        <line num="55" type="stmt" count="0"/>
        <line num="62" type="method" name="getName" crap="2" count="0"/>
        <line num="64" type="stmt" count="0"/>
        <line num="68" type="method" name="getHardCodedTags" crap="2" count="0"/>
        <line num="70" type="stmt" count="0"/>
        <line num="77" type="method" name="getBaseTemplateDir" crap="2" count="0"/>
        <line num="79" type="stmt" count="0"/>
        <line num="86" type="method" name="getBaseControllerDir" crap="2" count="0"/>
        <line num="88" type="stmt" count="0"/>
        <line num="95" type="method" name="getNamespace" crap="2" count="0"/>
        <line num="97" type="stmt" count="0"/>
        <metrics loc="99" ncloc="50" classes="1" methods="7" coveredmethods="0" conditionals="0" coveredconditionals="0" statements="7" coveredstatements="0" elements="14" coveredelements="0"/>
      </file>
    </package>
    <package name="WhiteOctober\PagerfantaBundle\Twig">
      <file name="/Users/tickner/src/deskpro/deskPRO/app/src/Application/PortalBundle/Twig/PagerfantaExtension.php">
        <class name="PagerfantaExtension" namespace="WhiteOctober\PagerfantaBundle\Twig">
          <metrics methods="7" coveredmethods="0" conditionals="0" coveredconditionals="0" statements="39" coveredstatements="0" elements="46" coveredelements="0"/>
        </class>
        <line num="33" type="method" name="__construct" crap="2" count="0"/>
        <line num="35" type="stmt" count="0"/>
        <line num="36" type="stmt" count="0"/>
        <line num="41" type="method" name="getFunctions" crap="2" count="0"/>
        <line num="44" type="stmt" count="0"/>
        <line num="45" type="stmt" count="0"/>
        <line num="46" type="stmt" count="0"/>
        <line num="58" type="method" name="renderPagerfanta" crap="6" count="0"/>
        <line num="60" type="stmt" count="0"/>
        <line num="61" type="stmt" count="0"/>
        <line num="62" type="stmt" count="0"/>
        <line num="64" type="stmt" count="0"/>
        <line num="66" type="stmt" count="0"/>
        <line num="80" type="method" name="getPageUrl" crap="12" count="0"/>
        <line num="82" type="stmt" count="0"/>
        <line num="83" type="stmt" count="0"/>
        <line num="86" type="stmt" count="0"/>
        <line num="88" type="stmt" count="0"/>
        <line num="100" type="method" name="createRouteGenerator" crap="20" count="0"/>
        <line num="102" type="stmt" count="0"/>
        <line num="103" type="stmt" count="0"/>
        <line num="104" type="stmt" count="0"/>
        <line num="105" type="stmt" count="0"/>
        <line num="106" type="stmt" count="0"/>
        <line num="108" type="stmt" count="0"/>
        <line num="110" type="stmt" count="0"/>
        <line num="111" type="stmt" count="0"/>
        <line num="113" type="stmt" count="0"/>
        <line num="114" type="stmt" count="0"/>
        <line num="115" type="stmt" count="0"/>
        <line num="119" type="stmt" count="0"/>
        <line num="121" type="stmt" count="0"/>
        <line num="122" type="stmt" count="0"/>
        <line num="123" type="stmt" count="0"/>
        <line num="124" type="stmt" count="0"/>
        <line num="126" type="stmt" count="0"/>
        <line num="128" type="stmt" count="0"/>
        <line num="129" type="stmt" count="0"/>
        <line num="130" type="stmt" count="0"/>
        <line num="132" type="method" name="anonymous function" crap="2" count="0"/>
        <line num="133" type="stmt" count="0"/>
        <line num="134" type="stmt" count="0"/>
        <line num="136" type="stmt" count="0"/>
        <line num="137" type="stmt" count="0"/>
        <line num="143" type="method" name="getName" crap="2" count="0"/>
        <line num="145" type="stmt" count="0"/>
        <metrics loc="147" ncloc="92" classes="1" methods="7" coveredmethods="0" conditionals="0" coveredconditionals="0" statements="39" coveredstatements="0" elements="46" coveredelements="0"/>
      </file>
    </package>
    <package name="DeskPRO\Bundle\PortalBundle\Twig">
      <file name="/Users/tickner/src/deskpro/deskPRO/app/src/Application/PortalBundle/Twig/PortalExtension.php">
        <class name="PortalExtension" namespace="DeskPRO\Bundle\PortalBundle\Twig">
          <metrics methods="8" coveredmethods="0" conditionals="0" coveredconditionals="0" statements="29" coveredstatements="0" elements="37" coveredelements="0"/>
        </class>
        <line num="60" type="method" name="__construct" crap="2" count="0"/>
        <line num="62" type="stmt" count="0"/>
        <line num="63" type="stmt" count="0"/>
        <line num="64" type="stmt" count="0"/>
        <line num="69" type="method" name="getFunctions" crap="2" count="0"/>
        <line num="72" type="stmt" count="0"/>
        <line num="73" type="stmt" count="0"/>
        <line num="74" type="stmt" count="0"/>
        <line num="75" type="stmt" count="0"/>
        <line num="76" type="stmt" count="0"/>
        <line num="79" type="method" name="getBrandSetting" crap="2" count="0"/>
        <line num="81" type="stmt" count="0"/>
        <line num="84" type="method" name="getTicketStatusString" crap="42" count="0"/>
        <line num="86" type="stmt" count="0"/>
        <line num="87" type="stmt" count="0"/>
        <line num="88" type="stmt" count="0"/>
        <line num="89" type="stmt" count="0"/>
        <line num="90" type="stmt" count="0"/>
        <line num="91" type="stmt" count="0"/>
        <line num="92" type="stmt" count="0"/>
        <line num="93" type="stmt" count="0"/>
        <line num="94" type="stmt" count="0"/>
        <line num="95" type="stmt" count="0"/>
        <line num="96" type="stmt" count="0"/>
        <line num="97" type="stmt" count="0"/>
        <line num="98" type="stmt" count="0"/>
        <line num="99" type="stmt" count="0"/>
        <line num="113" type="method" name="getPersonPictureUrl" crap="6" count="0"/>
        <line num="115" type="stmt" count="0"/>
        <line num="116" type="stmt" count="0"/>
        <line num="118" type="stmt" count="0"/>
        <line num="125" type="method" name="processPortalTag" crap="2" count="0"/>
        <line num="127" type="stmt" count="0"/>
        <line num="134" type="method" name="getGlobals" crap="2" count="0"/>
        <line num="136" type="stmt" count="0"/>
        <line num="143" type="method" name="getName" crap="2" count="0"/>
        <line num="145" type="stmt" count="0"/>
        <metrics loc="147" ncloc="81" classes="1" methods="8" coveredmethods="0" conditionals="0" coveredconditionals="0" statements="29" coveredstatements="0" elements="37" coveredelements="0"/>
      </file>
      <file name="/Users/tickner/src/deskpro/deskPRO/app/src/Application/PortalBundle/Twig/PortalLoader.php">
        <class name="PortalLoader" namespace="DeskPRO\Bundle\PortalBundle\Twig">
          <metrics methods="6" coveredmethods="0" conditionals="0" coveredconditionals="0" statements="24" coveredstatements="0" elements="30" coveredelements="0"/>
        </class>
        <line num="54" type="method" name="__construct" crap="2" count="0"/>
        <line num="56" type="stmt" count="0"/>
        <line num="57" type="stmt" count="0"/>
        <line num="58" type="stmt" count="0"/>
        <line num="67" type="method" name="getSource" crap="12" count="0"/>
        <line num="69" type="stmt" count="0"/>
        <line num="70" type="stmt" count="0"/>
        <line num="73" type="stmt" count="0"/>
        <line num="74" type="stmt" count="0"/>
        <line num="77" type="stmt" count="0"/>
        <line num="88" type="method" name="getCacheKey" crap="2" count="0"/>
        <line num="90" type="stmt" count="0"/>
        <line num="92" type="stmt" count="0"/>
        <line num="104" type="method" name="isFresh" crap="6" count="0"/>
        <line num="107" type="stmt" count="0"/>
        <line num="108" type="stmt" count="0"/>
        <line num="114" type="stmt" count="0"/>
        <line num="122" type="method" name="getBrandContainer" crap="20" count="0"/>
        <line num="124" type="stmt" count="0"/>
        <line num="125" type="stmt" count="0"/>
        <line num="126" type="stmt" count="0"/>
        <line num="128" type="stmt" count="0"/>
        <line num="129" type="stmt" count="0"/>
        <line num="132" type="stmt" count="0"/>
        <line num="139" type="method" name="getDbTemplate" crap="6" count="0"/>
        <line num="142" type="stmt" count="0"/>
        <line num="143" type="stmt" count="0"/>
        <line num="144" type="stmt" count="0"/>
        <line num="145" type="stmt" count="0"/>
        <line num="146" type="stmt" count="0"/>
        <metrics loc="149" ncloc="74" classes="1" methods="6" coveredmethods="0" conditionals="0" coveredconditionals="0" statements="24" coveredstatements="0" elements="30" coveredelements="0"/>
      </file>
    </package>
    <package name="DeskPRO\Bundle\PortalBundle\View\Pagerfanta">
      <file name="/Users/tickner/src/deskpro/deskPRO/app/src/Application/PortalBundle/View/Pagerfanta/DeskproView.php">
        <class name="DeskproView" namespace="DeskPRO\Bundle\PortalBundle\View\Pagerfanta">
          <metrics methods="3" coveredmethods="0" conditionals="0" coveredconditionals="0" statements="3" coveredstatements="0" elements="6" coveredelements="0"/>
        </class>
        <line num="43" type="method" name="createDefaultTemplate" crap="2" count="0"/>
        <line num="45" type="stmt" count="0"/>
        <line num="51" type="method" name="getDefaultProximity" crap="2" count="0"/>
        <line num="53" type="stmt" count="0"/>
        <line num="59" type="method" name="getName" crap="2" count="0"/>
        <line num="61" type="stmt" count="0"/>
        <metrics loc="62" ncloc="23" classes="1" methods="3" coveredmethods="0" conditionals="0" coveredconditionals="0" statements="3" coveredstatements="0" elements="6" coveredelements="0"/>
      </file>
    </package>
    <package name="DeskPRO\Bundle\PortalBundle\View\Pagerfanta\Template">
      <file name="/Users/tickner/src/deskpro/deskPRO/app/src/Application/PortalBundle/View/Pagerfanta/Template/DeskproTemplate.php">
        <class name="DeskproTemplate" namespace="DeskPRO\Bundle\PortalBundle\View\Pagerfanta\Template">
          <metrics methods="16" coveredmethods="0" conditionals="0" coveredconditionals="0" statements="33" coveredstatements="0" elements="49" coveredelements="0"/>
        </class>
        <line num="53" type="method" name="container" crap="2" count="0"/>
        <line num="55" type="stmt" count="0"/>
        <line num="58" type="method" name="page" crap="2" count="0"/>
        <line num="60" type="stmt" count="0"/>
        <line num="62" type="stmt" count="0"/>
        <line num="65" type="method" name="pageWithText" crap="2" count="0"/>
        <line num="67" type="stmt" count="0"/>
        <line num="69" type="stmt" count="0"/>
        <line num="72" type="method" name="pageWithTextAndClass" crap="2" count="0"/>
        <line num="74" type="stmt" count="0"/>
        <line num="76" type="stmt" count="0"/>
        <line num="79" type="method" name="previousDisabled" crap="2" count="0"/>
        <line num="81" type="stmt" count="0"/>
        <line num="82" type="stmt" count="0"/>
        <line num="84" type="stmt" count="0"/>
        <line num="87" type="method" name="previousDisabledClass" crap="2" count="0"/>
        <line num="89" type="stmt" count="0"/>
        <line num="92" type="method" name="previousEnabled" crap="2" count="0"/>
        <line num="94" type="stmt" count="0"/>
        <line num="95" type="stmt" count="0"/>
        <line num="97" type="stmt" count="0"/>
        <line num="100" type="method" name="nextDisabled" crap="2" count="0"/>
        <line num="102" type="stmt" count="0"/>
        <line num="103" type="stmt" count="0"/>
        <line num="105" type="stmt" count="0"/>
        <line num="108" type="method" name="nextDisabledClass" crap="2" count="0"/>
        <line num="110" type="stmt" count="0"/>
        <line num="113" type="method" name="nextEnabled" crap="2" count="0"/>
        <line num="115" type="stmt" count="0"/>
        <line num="116" type="stmt" count="0"/>
        <line num="118" type="stmt" count="0"/>
        <line num="121" type="method" name="first" crap="2" count="0"/>
        <line num="123" type="stmt" count="0"/>
        <line num="126" type="method" name="last" crap="2" count="0"/>
        <line num="128" type="stmt" count="0"/>
        <line num="131" type="method" name="current" crap="2" count="0"/>
        <line num="133" type="stmt" count="0"/>
        <line num="134" type="stmt" count="0"/>
        <line num="136" type="stmt" count="0"/>
        <line num="139" type="method" name="separator" crap="2" count="0"/>
        <line num="141" type="stmt" count="0"/>
        <line num="142" type="stmt" count="0"/>
        <line num="144" type="stmt" count="0"/>
        <line num="147" type="method" name="linkLi" crap="6" count="0"/>
        <line num="149" type="stmt" count="0"/>
        <line num="151" type="stmt" count="0"/>
        <line num="154" type="method" name="spanLi" crap="6" count="0"/>
        <line num="156" type="stmt" count="0"/>
        <line num="158" type="stmt" count="0"/>
        <metrics loc="159" ncloc="129" classes="1" methods="16" coveredmethods="0" conditionals="0" coveredconditionals="0" statements="33" coveredstatements="0" elements="49" coveredelements="0"/>
      </file>
    </package>
    <package name="DeskPRO\Bundle\PortalBundle\Visitor">
      <file name="/Users/tickner/src/deskpro/deskPRO/app/src/Application/PortalBundle/Visitor/VisitorIdentificationProvider.php">
        <class name="VisitorIdentificationProvider" namespace="DeskPRO\Bundle\PortalBundle\Visitor">
          <metrics methods="3" coveredmethods="0" conditionals="0" coveredconditionals="0" statements="18" coveredstatements="0" elements="21" coveredelements="0"/>
        </class>
        <line num="55" type="method" name="__construct" crap="2" count="0"/>
        <line num="57" type="stmt" count="0"/>
        <line num="58" type="stmt" count="0"/>
        <line num="59" type="stmt" count="0"/>
        <line num="61" type="method" name="generateRandomIdentifier" crap="2" count="0"/>
        <line num="64" type="stmt" count="0"/>
        <line num="65" type="stmt" count="0"/>
        <line num="68" type="stmt" count="0"/>
        <line num="69" type="stmt" count="0"/>
        <line num="70" type="stmt" count="0"/>
        <line num="71" type="stmt" count="0"/>
        <line num="72" type="stmt" count="0"/>
        <line num="73" type="stmt" count="0"/>
        <line num="74" type="stmt" count="0"/>
        <line num="77" type="method" name="getVisitorIdentifier" crap="6" count="0"/>
        <line num="79" type="stmt" count="0"/>
        <line num="80" type="stmt" count="0"/>
        <line num="82" type="stmt" count="0"/>
        <line num="84" type="stmt" count="0"/>
        <line num="85" type="stmt" count="0"/>
        <line num="88" type="stmt" count="0"/>
        <metrics loc="90" ncloc="49" classes="1" methods="3" coveredmethods="0" conditionals="0" coveredconditionals="0" statements="18" coveredstatements="0" elements="21" coveredelements="0"/>
      </file>
    </package>
    <package name="Application\TicketBundle\DependencyInjection">
      <file name="/Users/tickner/src/deskpro/deskPRO/app/src/Application/TicketBundle/DependencyInjection/TicketExtension.php">
        <class name="TicketExtension" namespace="Application\TicketBundle\DependencyInjection">
          <metrics methods="1" coveredmethods="0" conditionals="0" coveredconditionals="0" statements="3" coveredstatements="0" elements="4" coveredelements="0"/>
        </class>
        <line num="44" type="method" name="load" crap="2" count="0"/>
        <line num="46" type="stmt" count="0"/>
        <line num="47" type="stmt" count="0"/>
        <line num="48" type="stmt" count="0"/>
        <metrics loc="49" ncloc="18" classes="1" methods="1" coveredmethods="0" conditionals="0" coveredconditionals="0" statements="3" coveredstatements="0" elements="4" coveredelements="0"/>
      </file>
    </package>
    <package name="Application\TicketBundle">
      <file name="/Users/tickner/src/deskpro/deskPRO/app/src/Application/TicketBundle/TicketBundle.php">
        <class name="TicketBundle" namespace="Application\TicketBundle">
          <metrics methods="4" coveredmethods="0" conditionals="0" coveredconditionals="0" statements="4" coveredstatements="0" elements="8" coveredelements="0"/>
        </class>
        <line num="44" type="method" name="getContainerExtension" crap="2" count="0"/>
        <line num="46" type="stmt" count="0"/>
        <line num="49" type="method" name="registerCommands" crap="2" count="0"/>
        <line num="51" type="stmt" count="0"/>
        <line num="53" type="method" name="getNamespace" crap="2" count="0"/>
        <line num="55" type="stmt" count="0"/>
        <line num="58" type="method" name="getPath" crap="2" count="0"/>
        <line num="60" type="stmt" count="0"/>
        <metrics loc="62" ncloc="31" classes="1" methods="4" coveredmethods="0" conditionals="0" coveredconditionals="0" statements="4" coveredstatements="0" elements="8" coveredelements="0"/>
      </file>
    </package>
    <metrics files="176" loc="22455" ncloc="12665" classes="171" methods="879" coveredmethods="55" conditionals="0" coveredconditionals="0" statements="4945" coveredstatements="284" elements="5824" coveredelements="339"/>
  </project>
</coverage>
