<?xml version="1.0" encoding="UTF-8"?>
<coverage generated="1424108341">
  <project timestamp="1424108341">
    <package name="Application\AuthBundle\Permissions">
      <file name="/Users/tickner/src/deskpro/deskPRO/app/src/Application/AuthBundle/Permissions/PermissionsBag.php">
        <class name="PermissionsBag" namespace="Application\AuthBundle\Permissions">
          <metrics methods="14" coveredmethods="0" conditionals="0" coveredconditionals="0" statements="19" coveredstatements="0" elements="33" coveredelements="0"/>
        </class>
        <line num="50" type="method" name="__construct" crap="2" count="0"/>
        <line num="52" type="stmt" count="0"/>
        <line num="53" type="stmt" count="0"/>
        <line num="56" type="method" name="hasPermission" crap="6" count="0"/>
        <line num="58" type="stmt" count="0"/>
        <line num="59" type="stmt" count="0"/>
        <line num="62" type="stmt" count="0"/>
        <line num="66" type="method" name="toArray" crap="2" count="0"/>
        <line num="68" type="stmt" count="0"/>
        <line num="71" type="method" name="setArray" crap="2" count="0"/>
        <line num="73" type="stmt" count="0"/>
        <line num="74" type="stmt" count="0"/>
        <line num="76" type="method" name="has" crap="2" count="0"/>
        <line num="78" type="stmt" count="0"/>
        <line num="81" type="method" name="get" crap="6" count="0"/>
        <line num="83" type="stmt" count="0"/>
        <line num="89" type="method" name="getIterator" crap="2" count="0"/>
        <line num="91" type="stmt" count="0"/>
        <line num="98" type="method" name="offsetExists" crap="2" count="0"/>
        <line num="100" type="stmt" count="0"/>
        <line num="107" type="method" name="offsetGet" crap="2" count="0"/>
        <line num="109" type="stmt" count="0"/>
        <line num="116" type="method" name="offsetSet" crap="2" count="0"/>
        <line num="118" type="stmt" count="0"/>
        <line num="125" type="method" name="offsetUnset" crap="2" count="0"/>
        <line num="127" type="stmt" count="0"/>
        <line num="129" type="stmt" count="0"/>
        <line num="136" type="method" name="serialize" crap="2" count="0"/>
        <line num="138" type="stmt" count="0"/>
        <line num="145" type="method" name="unserialize" crap="2" count="0"/>
        <line num="147" type="stmt" count="0"/>
        <line num="154" type="method" name="count" crap="2" count="0"/>
        <line num="156" type="stmt" count="0"/>
        <metrics loc="158" ncloc="95" classes="1" methods="14" coveredmethods="0" conditionals="0" coveredconditionals="0" statements="19" coveredstatements="0" elements="33" coveredelements="0"/>
      </file>
    </package>
    <package name="Application\AuthBundle\Permissions\Portal">
      <file name="/Users/tickner/src/deskpro/deskPRO/app/src/Application/AuthBundle/Permissions/Portal/PortalPermissionsLoader.php">
        <class name="PortalPermissionsLoader" namespace="Application\AuthBundle\Permissions\Portal">
          <metrics methods="8" coveredmethods="0" conditionals="0" coveredconditionals="0" statements="44" coveredstatements="0" elements="52" coveredelements="0"/>
        </class>
        <line num="61" type="method" name="__construct" crap="2" count="0"/>
        <line num="63" type="stmt" count="0"/>
        <line num="64" type="stmt" count="0"/>
        <line num="66" type="method" name="loadPermissionsForGroupSet" crap="12" count="0"/>
        <line num="68" type="stmt" count="0"/>
        <line num="70" type="stmt" count="0"/>
        <line num="72" type="stmt" count="0"/>
        <line num="74" type="stmt" count="0"/>
        <line num="76" type="stmt" count="0"/>
        <line num="78" type="stmt" count="0"/>
        <line num="79" type="stmt" count="0"/>
        <line num="80" type="stmt" count="0"/>
        <line num="81" type="stmt" count="0"/>
        <line num="82" type="stmt" count="0"/>
        <line num="83" type="stmt" count="0"/>
        <line num="85" type="stmt" count="0"/>
        <line num="87" type="stmt" count="0"/>
        <line num="94" type="method" name="getAllPermissions" crap="2" count="0"/>
        <line num="96" type="stmt" count="0"/>
        <line num="98" type="stmt" count="0"/>
        <line num="101" type="stmt" count="0"/>
        <line num="103" type="stmt" count="0"/>
        <line num="108" type="stmt" count="0"/>
        <line num="109" type="stmt" count="0"/>
        <line num="111" type="stmt" count="0"/>
        <line num="113" type="stmt" count="0"/>
        <line num="121" type="method" name="getUsergroupsPermissions" crap="12" count="0"/>
        <line num="123" type="stmt" count="0"/>
        <line num="125" type="stmt" count="0"/>
        <line num="127" type="stmt" count="0"/>
        <line num="129" type="stmt" count="0"/>
        <line num="130" type="method" name="anonymous function" crap="12" count="0"/>
        <line num="131" type="stmt" count="0"/>
        <line num="133" type="stmt" count="0"/>
        <line num="134" type="stmt" count="0"/>
        <line num="135" type="stmt" count="0"/>
        <line num="136" type="stmt" count="0"/>
        <line num="137" type="stmt" count="0"/>
        <line num="138" type="stmt" count="0"/>
        <line num="140" type="stmt" count="0"/>
        <line num="142" type="stmt" count="0"/>
        <line num="150" type="method" name="generateAndCache" crap="2" count="0"/>
        <line num="152" type="stmt" count="0"/>
        <line num="158" type="method" name="getCache" crap="6" count="0"/>
        <line num="160" type="stmt" count="0"/>
        <line num="161" type="stmt" count="0"/>
        <line num="162" type="stmt" count="0"/>
        <line num="164" type="stmt" count="0"/>
        <line num="171" type="method" name="generateHash" crap="6" count="0"/>
        <line num="173" type="stmt" count="0"/>
        <line num="174" type="stmt" count="0"/>
        <line num="175" type="stmt" count="0"/>
        <line num="177" type="stmt" count="0"/>
        <metrics loc="178" ncloc="117" classes="1" methods="8" coveredmethods="0" conditionals="0" coveredconditionals="0" statements="45" coveredstatements="0" elements="53" coveredelements="0"/>
      </file>
      <file name="/Users/tickner/src/deskpro/deskPRO/app/src/Application/AuthBundle/Permissions/Portal/PortalPermissionsManager.php">
        <class name="PortalPermissionsManager" namespace="Application\AuthBundle\Permissions\Portal">
          <metrics methods="14" coveredmethods="0" conditionals="0" coveredconditionals="0" statements="50" coveredstatements="0" elements="64" coveredelements="0"/>
        </class>
        <line num="103" type="method" name="__construct" crap="2" count="0"/>
        <line num="111" type="stmt" count="0"/>
        <line num="112" type="stmt" count="0"/>
        <line num="113" type="stmt" count="0"/>
        <line num="114" type="stmt" count="0"/>
        <line num="115" type="stmt" count="0"/>
        <line num="116" type="stmt" count="0"/>
        <line num="117" type="stmt" count="0"/>
        <line num="124" type="method" name="invalidatePortalPermissionsCaches" crap="2" count="0"/>
        <line num="127" type="stmt" count="0"/>
        <line num="130" type="stmt" count="0"/>
        <line num="131" type="stmt" count="0"/>
        <line num="139" type="method" name="getPermissionsBagForPerson" crap="6" count="0"/>
        <line num="141" type="stmt" count="0"/>
        <line num="143" type="stmt" count="0"/>
        <line num="144" type="stmt" count="0"/>
        <line num="146" type="stmt" count="0"/>
        <line num="147" type="stmt" count="0"/>
        <line num="148" type="stmt" count="0"/>
        <line num="150" type="stmt" count="0"/>
        <line num="151" type="stmt" count="0"/>
        <line num="153" type="stmt" count="0"/>
        <line num="156" type="stmt" count="0"/>
        <line num="164" type="method" name="getPermissionsBagForGuest" crap="6" count="0"/>
        <line num="166" type="stmt" count="0"/>
        <line num="168" type="stmt" count="0"/>
        <line num="169" type="stmt" count="0"/>
        <line num="171" type="stmt" count="0"/>
        <line num="172" type="stmt" count="0"/>
        <line num="173" type="stmt" count="0"/>
        <line num="174" type="stmt" count="0"/>
        <line num="176" type="stmt" count="0"/>
        <line num="177" type="stmt" count="0"/>
        <line num="179" type="stmt" count="0"/>
        <line num="182" type="stmt" count="0"/>
        <line num="185" type="method" name="getAllowedDepartmentIds" crap="6" count="0"/>
        <line num="188" type="stmt" count="0"/>
        <line num="190" type="stmt" count="0"/>
        <line num="191" type="method" name="anonymous function" crap="2" count="0"/>
        <line num="192" type="stmt" count="0"/>
        <line num="193" type="stmt" count="0"/>
        <line num="194" type="stmt" count="0"/>
        <line num="196" type="stmt" count="0"/>
        <line num="197" type="stmt" count="0"/>
        <line num="199" type="stmt" count="0"/>
        <line num="203" type="stmt" count="0"/>
        <line num="212" type="method" name="getCacheKeyForUsergroupIds" crap="2" count="0"/>
        <line num="214" type="stmt" count="0"/>
        <line num="222" type="method" name="getCacheTimestamp" crap="2" count="0"/>
        <line num="224" type="stmt" count="0"/>
        <line num="233" type="method" name="getCacheKeyForPerson" crap="2" count="0"/>
        <line num="238" type="stmt" count="0"/>
        <line num="240" type="stmt" count="0"/>
        <line num="249" type="method" name="getCacheKeyForUsergroups" crap="6" count="0"/>
        <line num="251" type="stmt" count="0"/>
        <line num="253" type="stmt" count="0"/>
        <line num="254" type="stmt" count="0"/>
        <line num="255" type="stmt" count="0"/>
        <line num="257" type="stmt" count="0"/>
        <line num="266" type="method" name="generatePermissionsMapForPerson" crap="2" count="0"/>
        <line num="268" type="stmt" count="0"/>
        <line num="270" type="stmt" count="0"/>
        <line num="273" type="method" name="generatePermissionsMapForGuest" crap="2" count="0"/>
        <line num="275" type="stmt" count="0"/>
        <line num="277" type="stmt" count="0"/>
        <line num="280" type="method" name="isCacheDisabled" crap="2" count="0"/>
        <line num="282" type="stmt" count="0"/>
        <line num="285" type="method" name="getEm" crap="2" count="0"/>
        <line num="287" type="stmt" count="0"/>
        <metrics loc="289" ncloc="161" classes="1" methods="14" coveredmethods="0" conditionals="0" coveredconditionals="0" statements="55" coveredstatements="0" elements="69" coveredelements="0"/>
      </file>
      <file name="/Users/tickner/src/deskpro/deskPRO/app/src/Application/AuthBundle/Permissions/Portal/PortalUsergroupDecider.php">
        <class name="PortalUsergroupDecider" namespace="Application\AuthBundle\Permissions\Portal">
          <metrics methods="9" coveredmethods="0" conditionals="0" coveredconditionals="0" statements="53" coveredstatements="0" elements="62" coveredelements="0"/>
        </class>
        <line num="66" type="method" name="__construct" crap="2" count="0"/>
        <line num="68" type="stmt" count="0"/>
        <line num="69" type="stmt" count="0"/>
        <line num="70" type="stmt" count="0"/>
        <line num="78" type="method" name="getUsergroupIdsForPerson" crap="72" count="0"/>
        <line num="80" type="stmt" count="0"/>
        <line num="81" type="stmt" count="0"/>
        <line num="82" type="stmt" count="0"/>
        <line num="84" type="stmt" count="0"/>
        <line num="86" type="stmt" count="0"/>
        <line num="88" type="stmt" count="0"/>
        <line num="90" type="stmt" count="0"/>
        <line num="96" type="stmt" count="0"/>
        <line num="97" type="stmt" count="0"/>
        <line num="98" type="stmt" count="0"/>
        <line num="100" type="stmt" count="0"/>
        <line num="101" type="stmt" count="0"/>
        <line num="102" type="stmt" count="0"/>
        <line num="105" type="stmt" count="0"/>
        <line num="106" type="stmt" count="0"/>
        <line num="107" type="stmt" count="0"/>
        <line num="108" type="stmt" count="0"/>
        <line num="111" type="stmt" count="0"/>
        <line num="112" type="stmt" count="0"/>
        <line num="113" type="stmt" count="0"/>
        <line num="114" type="stmt" count="0"/>
        <line num="115" type="stmt" count="0"/>
        <line num="117" type="stmt" count="0"/>
        <line num="119" type="stmt" count="0"/>
        <line num="125" type="method" name="getUsergroupIdsForGuest" crap="2" count="0"/>
        <line num="127" type="stmt" count="0"/>
        <line num="136" type="method" name="getOrganizationUsergroups" crap="2" count="0"/>
        <line num="138" type="stmt" count="0"/>
        <line num="140" type="stmt" count="0"/>
        <line num="142" type="stmt" count="0"/>
        <line num="144" type="stmt" count="0"/>
        <line num="146" type="stmt" count="0"/>
        <line num="152" type="stmt" count="0"/>
        <line num="153" type="stmt" count="0"/>
        <line num="154" type="stmt" count="0"/>
        <line num="156" type="stmt" count="0"/>
        <line num="164" type="method" name="getGroupsThatApplyToEveryone" crap="12" count="0"/>
        <line num="166" type="stmt" count="0"/>
        <line num="168" type="stmt" count="0"/>
        <line num="171" type="stmt" count="0"/>
        <line num="172" type="method" name="anonymous function" crap="12" count="0"/>
        <line num="174" type="stmt" count="0"/>
        <line num="175" type="stmt" count="0"/>
        <line num="176" type="stmt" count="0"/>
        <line num="179" type="stmt" count="0"/>
        <line num="181" type="stmt" count="0"/>
        <line num="189" type="method" name="generateAndCache" crap="2" count="0"/>
        <line num="191" type="stmt" count="0"/>
        <line num="197" type="method" name="getCache" crap="6" count="0"/>
        <line num="199" type="stmt" count="0"/>
        <line num="200" type="stmt" count="0"/>
        <line num="201" type="stmt" count="0"/>
        <line num="203" type="stmt" count="0"/>
        <line num="210" type="method" name="generateHash" crap="6" count="0"/>
        <line num="212" type="stmt" count="0"/>
        <line num="213" type="stmt" count="0"/>
        <line num="214" type="stmt" count="0"/>
        <line num="216" type="stmt" count="0"/>
        <metrics loc="218" ncloc="139" classes="1" methods="9" coveredmethods="0" conditionals="0" coveredconditionals="0" statements="54" coveredstatements="0" elements="63" coveredelements="0"/>
      </file>
    </package>
    <package name="Application\AuthBundle\Voter">
      <file name="/Users/tickner/src/deskpro/deskPRO/app/src/Application/AuthBundle/Voter/AbstractVoter.php">
        <class name="AbstractVoter" namespace="Application\AuthBundle\Voter">
          <metrics methods="7" coveredmethods="6" conditionals="0" coveredconditionals="0" statements="16" coveredstatements="15" elements="23" coveredelements="21"/>
        </class>
        <line num="56" type="method" name="vote" crap="4" count="44"/>
        <line num="64" type="stmt" count="44"/>
        <line num="66" type="stmt" count="44"/>
        <line num="67" type="stmt" count="44"/>
        <line num="68" type="stmt" count="7"/>
        <line num="72" type="stmt" count="37"/>
        <line num="74" type="stmt" count="37"/>
        <line num="76" type="stmt" count="16"/>
        <line num="78" type="stmt" count="28"/>
        <line num="80" type="stmt" count="28"/>
        <line num="93" type="method" name="__construct" crap="1" count="44"/>
        <line num="95" type="stmt" count="44"/>
        <line num="96" type="stmt" count="44"/>
        <line num="102" type="method" name="isLoggedIn" crap="2" count="36"/>
        <line num="104" type="stmt" count="36"/>
        <line num="110" type="method" name="getPortalPermissionsManager" crap="1" count="24"/>
        <line num="112" type="stmt" count="24"/>
        <line num="118" type="method" name="getActiveBrandContainer" crap="1" count="20"/>
        <line num="120" type="stmt" count="20"/>
        <line num="128" type="method" name="getActiveBrandSetting" crap="1" count="20"/>
        <line num="130" type="stmt" count="20"/>
        <line num="136" type="method" name="getAuthorizationChecker" crap="2" count="0"/>
        <line num="138" type="stmt" count="0"/>
        <metrics loc="139" ncloc="56" classes="1" methods="7" coveredmethods="6" conditionals="0" coveredconditionals="0" statements="16" coveredstatements="15" elements="23" coveredelements="21"/>
      </file>
    </package>
    <package name="Application\AuthBundle\Voter\Portal">
      <file name="/Users/tickner/src/deskpro/deskPRO/app/src/Application/AuthBundle/Voter/Portal/ContentAccessVoter.php">
        <class name="ContentAccessVoter" namespace="Application\AuthBundle\Voter\Portal">
          <metrics methods="3" coveredmethods="1" conditionals="0" coveredconditionals="0" statements="19" coveredstatements="17" elements="22" coveredelements="18"/>
        </class>
        <line num="56" type="method" name="getSupportedAttributes" crap="1" count="2"/>
        <line num="59" type="stmt" count="2"/>
        <line num="60" type="stmt" count="2"/>
        <line num="61" type="stmt" count="2"/>
        <line num="62" type="stmt" count="2"/>
        <line num="63" type="stmt" count="2"/>
        <line num="64" type="stmt" count="2"/>
        <line num="65" type="stmt" count="2"/>
        <line num="67" type="stmt" count="2"/>
        <line num="70" type="method" name="isGranted" crap="9.08" count="1"/>
        <line num="74" type="stmt" count="1"/>
        <line num="75" type="stmt" count="1"/>
        <line num="76" type="stmt" count="1"/>
        <line num="77" type="stmt" count="1"/>
        <line num="78" type="stmt" count="1"/>
        <line num="79" type="stmt" count="1"/>
        <line num="80" type="stmt" count="1"/>
        <line num="81" type="stmt" count="1"/>
        <line num="83" type="stmt" count="1"/>
        <line num="86" type="stmt" count="0"/>
        <line num="94" type="method" name="getSupportedClasses" crap="2" count="0"/>
        <line num="96" type="stmt" count="0"/>
        <metrics loc="98" ncloc="55" classes="1" methods="3" coveredmethods="1" conditionals="0" coveredconditionals="0" statements="19" coveredstatements="17" elements="22" coveredelements="18"/>
      </file>
      <file name="/Users/tickner/src/deskpro/deskPRO/app/src/Application/AuthBundle/Voter/Portal/ContentCommentVoter.php">
        <class name="ContentCommentVoter" namespace="Application\AuthBundle\Voter\Portal">
          <metrics methods="3" coveredmethods="1" conditionals="0" coveredconditionals="0" statements="19" coveredstatements="17" elements="22" coveredelements="18"/>
        </class>
        <line num="49" type="method" name="getSupportedAttributes" crap="1" count="8"/>
        <line num="51" type="stmt" count="8"/>
        <line num="54" type="method" name="isGranted" crap="8.01" count="7"/>
        <line num="56" type="stmt" count="7"/>
        <line num="57" type="stmt" count="3"/>
        <line num="58" type="stmt" count="3"/>
        <line num="59" type="stmt" count="4"/>
        <line num="60" type="stmt" count="1"/>
        <line num="62" type="stmt" count="3"/>
        <line num="65" type="stmt" count="6"/>
        <line num="66" type="stmt" count="2"/>
        <line num="70" type="stmt" count="4"/>
        <line num="71" type="stmt" count="4"/>
        <line num="72" type="stmt" count="4"/>
        <line num="73" type="stmt" count="4"/>
        <line num="74" type="stmt" count="4"/>
        <line num="75" type="stmt" count="4"/>
        <line num="76" type="stmt" count="4"/>
        <line num="77" type="stmt" count="4"/>
        <line num="80" type="stmt" count="0"/>
        <line num="88" type="method" name="getSupportedClasses" crap="2" count="0"/>
        <line num="90" type="stmt" count="0"/>
        <metrics loc="92" ncloc="49" classes="1" methods="3" coveredmethods="1" conditionals="0" coveredconditionals="0" statements="19" coveredstatements="17" elements="22" coveredelements="18"/>
      </file>
      <file name="/Users/tickner/src/deskpro/deskPRO/app/src/Application/AuthBundle/Voter/Portal/ContentRatingsVoter.php">
        <class name="ContentRatingsVoter" namespace="Application\AuthBundle\Voter\Portal">
          <metrics methods="3" coveredmethods="1" conditionals="0" coveredconditionals="0" statements="17" coveredstatements="14" elements="20" coveredelements="15"/>
        </class>
        <line num="49" type="method" name="getSupportedAttributes" crap="1" count="6"/>
        <line num="51" type="stmt" count="6"/>
        <line num="54" type="method" name="isGranted" crap="7.12" count="5"/>
        <line num="56" type="stmt" count="5"/>
        <line num="57" type="stmt" count="2"/>
        <line num="58" type="stmt" count="2"/>
        <line num="59" type="stmt" count="0"/>
        <line num="61" type="stmt" count="2"/>
        <line num="62" type="stmt" count="3"/>
        <line num="66" type="stmt" count="5"/>
        <line num="67" type="stmt" count="5"/>
        <line num="68" type="stmt" count="4"/>
        <line num="69" type="stmt" count="4"/>
        <line num="70" type="stmt" count="4"/>
        <line num="71" type="stmt" count="4"/>
        <line num="72" type="stmt" count="4"/>
        <line num="73" type="stmt" count="4"/>
        <line num="76" type="stmt" count="0"/>
        <line num="84" type="method" name="getSupportedClasses" crap="2" count="0"/>
        <line num="86" type="stmt" count="0"/>
        <metrics loc="88" ncloc="47" classes="1" methods="3" coveredmethods="1" conditionals="0" coveredconditionals="0" statements="17" coveredstatements="14" elements="20" coveredelements="15"/>
      </file>
      <file name="/Users/tickner/src/deskpro/deskPRO/app/src/Application/AuthBundle/Voter/Portal/ContentSubscriptionsVoter.php">
        <class name="ContentSubscriptionsVoter" namespace="Application\AuthBundle\Voter\Portal">
          <metrics methods="3" coveredmethods="1" conditionals="0" coveredconditionals="0" statements="20" coveredstatements="18" elements="23" coveredelements="19"/>
        </class>
        <line num="53" type="method" name="getSupportedAttributes" crap="1" count="8"/>
        <line num="56" type="stmt" count="8"/>
        <line num="57" type="stmt" count="8"/>
        <line num="58" type="stmt" count="8"/>
        <line num="59" type="stmt" count="8"/>
        <line num="60" type="stmt" count="8"/>
        <line num="62" type="stmt" count="8"/>
        <line num="65" type="method" name="isGranted" crap="8.03" count="7"/>
        <line num="67" type="stmt" count="7"/>
        <line num="68" type="stmt" count="1"/>
        <line num="71" type="stmt" count="6"/>
        <line num="74" type="stmt" count="6"/>
        <line num="75" type="stmt" count="6"/>
        <line num="76" type="stmt" count="2"/>
        <line num="77" type="stmt" count="4"/>
        <line num="78" type="stmt" count="4"/>
        <line num="79" type="stmt" count="2"/>
        <line num="80" type="stmt" count="2"/>
        <line num="81" type="stmt" count="2"/>
        <line num="82" type="stmt" count="2"/>
        <line num="85" type="stmt" count="0"/>
        <line num="93" type="method" name="getSupportedClasses" crap="2" count="0"/>
        <line num="95" type="stmt" count="0"/>
        <metrics loc="97" ncloc="56" classes="1" methods="3" coveredmethods="1" conditionals="0" coveredconditionals="0" statements="20" coveredstatements="18" elements="23" coveredelements="19"/>
      </file>
      <file name="/Users/tickner/src/deskpro/deskPRO/app/src/Application/AuthBundle/Voter/Portal/ProfileVoter.php">
        <class name="ProfileVoter" namespace="Application\AuthBundle\Voter\Portal">
          <metrics methods="3" coveredmethods="2" conditionals="0" coveredconditionals="0" statements="3" coveredstatements="2" elements="6" coveredelements="4"/>
        </class>
        <line num="46" type="method" name="getSupportedClasses" crap="2" count="0"/>
        <line num="48" type="stmt" count="0"/>
        <line num="51" type="method" name="getSupportedAttributes" crap="1" count="3"/>
        <line num="53" type="stmt" count="3"/>
        <line num="56" type="method" name="isGranted" crap="2" count="2"/>
        <line num="59" type="stmt" count="2"/>
        <metrics loc="61" ncloc="28" classes="1" methods="3" coveredmethods="2" conditionals="0" coveredconditionals="0" statements="3" coveredstatements="2" elements="6" coveredelements="4"/>
      </file>
      <file name="/Users/tickner/src/deskpro/deskPRO/app/src/Application/AuthBundle/Voter/Portal/TicketsVoter.php">
        <class name="TicketsVoter" namespace="Application\AuthBundle\Voter\Portal">
          <metrics methods="3" coveredmethods="1" conditionals="0" coveredconditionals="0" statements="18" coveredstatements="16" elements="21" coveredelements="17"/>
        </class>
        <line num="47" type="method" name="getSupportedAttributes" crap="1" count="9"/>
        <line num="49" type="stmt" count="9"/>
        <line num="58" type="method" name="isGranted" crap="8.02" count="8"/>
        <line num="60" type="stmt" count="8"/>
        <line num="61" type="stmt" count="0"/>
        <line num="65" type="stmt" count="8"/>
        <line num="66" type="stmt" count="1"/>
        <line num="69" type="stmt" count="7"/>
        <line num="72" type="stmt" count="7"/>
        <line num="73" type="stmt" count="1"/>
        <line num="74" type="stmt" count="1"/>
        <line num="76" type="stmt" count="6"/>
        <line num="77" type="stmt" count="2"/>
        <line num="78" type="stmt" count="2"/>
        <line num="80" type="stmt" count="4"/>
        <line num="81" type="stmt" count="4"/>
        <line num="82" type="stmt" count="4"/>
        <line num="83" type="stmt" count="4"/>
        <line num="86" type="stmt" count="7"/>
        <line num="94" type="method" name="getSupportedClasses" crap="2" count="0"/>
        <line num="96" type="stmt" count="0"/>
        <metrics loc="98" ncloc="54" classes="1" methods="3" coveredmethods="1" conditionals="0" coveredconditionals="0" statements="18" coveredstatements="16" elements="21" coveredelements="17"/>
      </file>
      <file name="/Users/tickner/src/deskpro/deskPRO/app/src/Application/AuthBundle/Voter/Portal/UseSectionVoter.php">
        <class name="UseSectionVoter" namespace="Application\AuthBundle\Voter\Portal">
          <metrics methods="3" coveredmethods="1" conditionals="0" coveredconditionals="0" statements="19" coveredstatements="17" elements="22" coveredelements="18"/>
        </class>
        <line num="53" type="method" name="getSupportedAttributes" crap="1" count="8"/>
        <line num="55" type="stmt" count="8"/>
        <line num="58" type="method" name="isGranted" crap="13.03" count="7"/>
        <line num="60" type="stmt" count="7"/>
        <line num="61" type="stmt" count="7"/>
        <line num="62" type="stmt" count="7"/>
        <line num="63" type="stmt" count="6"/>
        <line num="67" type="stmt" count="7"/>
        <line num="68" type="stmt" count="3"/>
        <line num="69" type="stmt" count="7"/>
        <line num="70" type="stmt" count="3"/>
        <line num="71" type="stmt" count="7"/>
        <line num="72" type="stmt" count="3"/>
        <line num="73" type="stmt" count="5"/>
        <line num="74" type="stmt" count="3"/>
        <line num="75" type="stmt" count="5"/>
        <line num="76" type="stmt" count="3"/>
        <line num="77" type="stmt" count="2"/>
        <line num="78" type="stmt" count="2"/>
        <line num="81" type="stmt" count="0"/>
        <line num="89" type="method" name="getSupportedClasses" crap="2" count="0"/>
        <line num="91" type="stmt" count="0"/>
        <metrics loc="93" ncloc="52" classes="1" methods="3" coveredmethods="1" conditionals="0" coveredconditionals="0" statements="19" coveredstatements="17" elements="22" coveredelements="18"/>
      </file>
    </package>
    <package name="Application\DeskPRO\Brand">
      <file name="/Users/tickner/src/deskpro/deskPRO/app/src/Application/DeskPRO/Brand/BrandContainer.php">
        <class name="BrandContainer" namespace="Application\DeskPRO\Brand">
          <metrics methods="8" coveredmethods="4" conditionals="0" coveredconditionals="0" statements="11" coveredstatements="7" elements="19" coveredelements="11"/>
        </class>
        <line num="69" type="method" name="__construct" crap="1" count="3"/>
        <line num="71" type="stmt" count="3"/>
        <line num="72" type="stmt" count="3"/>
        <line num="73" type="stmt" count="3"/>
        <line num="74" type="stmt" count="3"/>
        <line num="81" type="method" name="getSetting" crap="1" count="1"/>
        <line num="83" type="stmt" count="1"/>
        <line num="89" type="method" name="getBrand" crap="1" count="2"/>
        <line num="91" type="stmt" count="2"/>
        <line num="97" type="method" name="getTheme" crap="6" count="0"/>
        <line num="99" type="stmt" count="0"/>
        <line num="105" type="method" name="getSettings" crap="1" count="3"/>
        <line num="107" type="stmt" count="3"/>
        <line num="114" type="method" name="resolveController" crap="2" count="0"/>
        <line num="116" type="stmt" count="0"/>
        <line num="123" type="method" name="resolveTemplatePath" crap="2" count="0"/>
        <line num="125" type="stmt" count="0"/>
        <line num="128" type="method" name="renderTag" crap="2" count="0"/>
        <line num="130" type="stmt" count="0"/>
        <metrics loc="132" ncloc="62" classes="1" methods="8" coveredmethods="4" conditionals="0" coveredconditionals="0" statements="11" coveredstatements="7" elements="19" coveredelements="11"/>
      </file>
      <file name="/Users/tickner/src/deskpro/deskPRO/app/src/Application/DeskPRO/Brand/BrandContainerFactory.php">
        <class name="BrandContainerFactory" namespace="Application\DeskPRO\Brand">
          <metrics methods="2" coveredmethods="2" conditionals="0" coveredconditionals="0" statements="4" coveredstatements="4" elements="6" coveredelements="6"/>
        </class>
        <line num="56" type="method" name="__construct" crap="1" count="1"/>
        <line num="58" type="stmt" count="1"/>
        <line num="59" type="stmt" count="1"/>
        <line num="60" type="stmt" count="1"/>
        <line num="62" type="method" name="create" crap="1" count="1"/>
        <line num="64" type="stmt" count="1"/>
        <metrics loc="66" ncloc="26" classes="1" methods="2" coveredmethods="2" conditionals="0" coveredconditionals="0" statements="4" coveredstatements="4" elements="6" coveredelements="6"/>
      </file>
      <file name="/Users/tickner/src/deskpro/deskPRO/app/src/Application/DeskPRO/Brand/BrandStack.php">
        <class name="BrandStack" namespace="Application\DeskPRO\Brand">
          <metrics methods="6" coveredmethods="4" conditionals="0" coveredconditionals="0" statements="19" coveredstatements="17" elements="25" coveredelements="21"/>
        </class>
        <line num="84" type="method" name="__construct" crap="1" count="1"/>
        <line num="86" type="stmt" count="1"/>
        <line num="87" type="stmt" count="1"/>
        <line num="88" type="stmt" count="1"/>
        <line num="89" type="stmt" count="1"/>
        <line num="90" type="stmt" count="1"/>
        <line num="97" type="method" name="getActive" crap="2" count="1"/>
        <line num="99" type="stmt" count="1"/>
        <line num="101" type="stmt" count="1"/>
        <line num="102" type="stmt" count="1"/>
        <line num="105" type="stmt" count="1"/>
        <line num="108" type="method" name="getStack" crap="2" count="0"/>
        <line num="110" type="stmt" count="0"/>
        <line num="119" type="method" name="push" crap="2" count="1"/>
        <line num="121" type="stmt" count="1"/>
        <line num="123" type="stmt" count="1"/>
        <line num="125" type="stmt" count="1"/>
        <line num="126" type="stmt" count="1"/>
        <line num="127" type="stmt" count="1"/>
        <line num="129" type="stmt" count="1"/>
        <line num="135" type="method" name="pop" crap="1" count="1"/>
        <line num="137" type="stmt" count="1"/>
        <line num="138" type="stmt" count="1"/>
        <line num="140" type="method" name="getDefault" crap="2" count="0"/>
        <line num="142" type="stmt" count="0"/>
        <metrics loc="144" ncloc="64" classes="1" methods="6" coveredmethods="4" conditionals="0" coveredconditionals="0" statements="19" coveredstatements="17" elements="25" coveredelements="21"/>
      </file>
    </package>
    <package name="Application\DeskPRO\Cache\Adapter">
      <file name="/Users/tickner/src/deskpro/deskPRO/app/src/Application/DeskPRO/Cache/Adapter/SimpleArrayCache.php">
        <class name="SimpleArrayCache" namespace="Application\DeskPRO\Cache\Adapter">
          <metrics methods="5" coveredmethods="4" conditionals="0" coveredconditionals="0" statements="12" coveredstatements="8" elements="17" coveredelements="12"/>
        </class>
        <line num="49" type="method" name="__construct" crap="1" count="2"/>
        <line num="51" type="stmt" count="2"/>
        <line num="52" type="stmt" count="2"/>
        <line num="54" type="method" name="set" crap="1" count="1"/>
        <line num="56" type="stmt" count="1"/>
        <line num="57" type="stmt" count="1"/>
        <line num="59" type="method" name="get" crap="2" count="1"/>
        <line num="61" type="stmt" count="1"/>
        <line num="62" type="stmt" count="1"/>
        <line num="64" type="stmt" count="1"/>
        <line num="66" type="method" name="delete" crap="6" count="0"/>
        <line num="68" type="stmt" count="0"/>
        <line num="69" type="stmt" count="0"/>
        <line num="70" type="stmt" count="0"/>
        <line num="71" type="stmt" count="0"/>
        <line num="73" type="method" name="has" crap="1" count="1"/>
        <line num="75" type="stmt" count="1"/>
        <metrics loc="77" ncloc="40" classes="1" methods="5" coveredmethods="4" conditionals="0" coveredconditionals="0" statements="12" coveredstatements="8" elements="17" coveredelements="12"/>
      </file>
    </package>
    <file name="/Users/tickner/src/deskpro/deskPRO/app/src/Application/DeskPRO/Cache/CacheAdapterInterface.php">
      <metrics loc="80" ncloc="14" classes="0" methods="0" coveredmethods="0" conditionals="0" coveredconditionals="0" statements="0" coveredstatements="0" elements="0" coveredelements="0"/>
    </file>
    <package name="Application\DeskPRO\Cache">
      <file name="/Users/tickner/src/deskpro/deskPRO/app/src/Application/DeskPRO/Cache/ConvenientCache.php">
        <class name="ConvenientCache" namespace="Application\DeskPRO\Cache">
          <metrics methods="7" coveredmethods="4" conditionals="0" coveredconditionals="0" statements="15" coveredstatements="11" elements="22" coveredelements="15"/>
        </class>
        <line num="67" type="method" name="__construct" crap="1" count="16"/>
        <line num="69" type="stmt" count="16"/>
        <line num="70" type="stmt" count="16"/>
        <line num="75" type="method" name="getAdapter" crap="2" count="0"/>
        <line num="77" type="stmt" count="0"/>
        <line num="88" type="method" name="get" crap="3" count="14"/>
        <line num="90" type="stmt" count="14"/>
        <line num="91" type="stmt" count="13"/>
        <line num="93" type="stmt" count="13"/>
        <line num="95" type="stmt" count="13"/>
        <line num="98" type="stmt" count="1"/>
        <line num="101" type="method" name="resolveDefault" crap="2" count="13"/>
        <line num="103" type="stmt" count="13"/>
        <line num="104" type="stmt" count="10"/>
        <line num="107" type="stmt" count="3"/>
        <line num="113" type="method" name="set" crap="2" count="0"/>
        <line num="115" type="stmt" count="0"/>
        <line num="116" type="stmt" count="0"/>
        <line num="121" type="method" name="has" crap="2" count="0"/>
        <line num="123" type="stmt" count="0"/>
        <line num="129" type="method" name="delete" crap="1" count="3"/>
        <line num="131" type="stmt" count="3"/>
        <metrics loc="133" ncloc="56" classes="1" methods="7" coveredmethods="4" conditionals="0" coveredconditionals="0" statements="15" coveredstatements="11" elements="22" coveredelements="15"/>
      </file>
    </package>
    <package name="Application\DeskPRO\Domain">
      <file name="/Users/tickner/src/deskpro/deskPRO/app/src/Application/DeskPRO/Domain/BasicDomainObject.php">
        <class name="BasicDomainObject" namespace="Application\DeskPRO\Domain">
          <metrics methods="31" coveredmethods="0" conditionals="0" coveredconditionals="0" statements="202" coveredstatements="0" elements="233" coveredelements="0"/>
        </class>
        <line num="91" type="method" name="fromArray" crap="6" count="0"/>
        <line num="93" type="stmt" count="0"/>
        <line num="94" type="stmt" count="0"/>
        <line num="95" type="stmt" count="0"/>
        <line num="96" type="stmt" count="0"/>
        <line num="104" type="method" name="toArray" crap="420" count="0"/>
        <line num="106" type="stmt" count="0"/>
        <line num="108" type="stmt" count="0"/>
        <line num="110" type="stmt" count="0"/>
        <line num="111" type="stmt" count="0"/>
        <line num="112" type="stmt" count="0"/>
        <line num="113" type="stmt" count="0"/>
        <line num="115" type="stmt" count="0"/>
        <line num="117" type="stmt" count="0"/>
        <line num="119" type="stmt" count="0"/>
        <line num="121" type="stmt" count="0"/>
        <line num="122" type="stmt" count="0"/>
        <line num="124" type="stmt" count="0"/>
        <line num="126" type="stmt" count="0"/>
        <line num="127" type="stmt" count="0"/>
        <line num="128" type="stmt" count="0"/>
        <line num="129" type="stmt" count="0"/>
        <line num="130" type="stmt" count="0"/>
        <line num="131" type="stmt" count="0"/>
        <line num="132" type="stmt" count="0"/>
        <line num="133" type="stmt" count="0"/>
        <line num="134" type="stmt" count="0"/>
        <line num="135" type="stmt" count="0"/>
        <line num="137" type="stmt" count="0"/>
        <line num="138" type="stmt" count="0"/>
        <line num="140" type="stmt" count="0"/>
        <line num="141" type="stmt" count="0"/>
        <line num="143" type="stmt" count="0"/>
        <line num="144" type="stmt" count="0"/>
        <line num="145" type="stmt" count="0"/>
        <line num="146" type="stmt" count="0"/>
        <line num="148" type="stmt" count="0"/>
        <line num="156" type="method" name="getKeys" crap="2" count="0"/>
        <line num="158" type="stmt" count="0"/>
        <line num="164" type="method" name="getFieldKeys" crap="12" count="0"/>
        <line num="166" type="stmt" count="0"/>
        <line num="167" type="stmt" count="0"/>
        <line num="169" type="stmt" count="0"/>
        <line num="170" type="stmt" count="0"/>
        <line num="172" type="stmt" count="0"/>
        <line num="173" type="stmt" count="0"/>
        <line num="176" type="stmt" count="0"/>
        <line num="177" type="stmt" count="0"/>
        <line num="179" type="stmt" count="0"/>
        <line num="189" type="method" name="propertyFieldExists" crap="30" count="0"/>
        <line num="192" type="stmt" count="0"/>
        <line num="193" type="stmt" count="0"/>
        <line num="197" type="stmt" count="0"/>
        <line num="198" type="stmt" count="0"/>
        <line num="199" type="stmt" count="0"/>
        <line num="200" type="stmt" count="0"/>
        <line num="203" type="stmt" count="0"/>
        <line num="204" type="stmt" count="0"/>
        <line num="207" type="stmt" count="0"/>
        <line num="215" type="method" name="get" crap="2" count="0"/>
        <line num="217" type="stmt" count="0"/>
        <line num="226" type="method" name="set" crap="2" count="0"/>
        <line num="228" type="stmt" count="0"/>
        <line num="229" type="stmt" count="0"/>
        <line num="231" type="method" name="__get" crap="2" count="0"/>
        <line num="233" type="stmt" count="0"/>
        <line num="236" type="method" name="__set" crap="2" count="0"/>
        <line num="238" type="stmt" count="0"/>
        <line num="239" type="stmt" count="0"/>
        <line num="241" type="method" name="__isset" crap="2" count="0"/>
        <line num="243" type="stmt" count="0"/>
        <line num="246" type="method" name="__unset" crap="2" count="0"/>
        <line num="248" type="stmt" count="0"/>
        <line num="254" type="method" name="__call" crap="42" count="0"/>
        <line num="256" type="stmt" count="0"/>
        <line num="257" type="stmt" count="0"/>
        <line num="258" type="stmt" count="0"/>
        <line num="261" type="stmt" count="0"/>
        <line num="263" type="stmt" count="0"/>
        <line num="264" type="stmt" count="0"/>
        <line num="265" type="stmt" count="0"/>
        <line num="268" type="stmt" count="0"/>
        <line num="269" type="stmt" count="0"/>
        <line num="272" type="stmt" count="0"/>
        <line num="273" type="stmt" count="0"/>
        <line num="274" type="stmt" count="0"/>
        <line num="275" type="stmt" count="0"/>
        <line num="279" type="stmt" count="0"/>
        <line num="280" type="stmt" count="0"/>
        <line num="281" type="stmt" count="0"/>
        <line num="283" type="stmt" count="0"/>
        <line num="285" type="stmt" count="0"/>
        <line num="287" type="method" name="_isCustomCallable" crap="2" count="0"/>
        <line num="289" type="stmt" count="0"/>
        <line num="295" type="method" name="_onNotCallable" crap="12" count="0"/>
        <line num="297" type="stmt" count="0"/>
        <line num="298" type="stmt" count="0"/>
        <line num="300" type="stmt" count="0"/>
        <line num="307" type="method" name="offsetExists" crap="110" count="0"/>
        <line num="309" type="stmt" count="0"/>
        <line num="310" type="stmt" count="0"/>
        <line num="311" type="stmt" count="0"/>
        <line num="312" type="stmt" count="0"/>
        <line num="314" type="stmt" count="0"/>
        <line num="315" type="stmt" count="0"/>
        <line num="316" type="stmt" count="0"/>
        <line num="317" type="stmt" count="0"/>
        <line num="320" type="stmt" count="0"/>
        <line num="321" type="stmt" count="0"/>
        <line num="322" type="stmt" count="0"/>
        <line num="323" type="stmt" count="0"/>
        <line num="325" type="stmt" count="0"/>
        <line num="326" type="stmt" count="0"/>
        <line num="327" type="stmt" count="0"/>
        <line num="328" type="stmt" count="0"/>
        <line num="331" type="stmt" count="0"/>
        <line num="335" type="method" name="offsetSet" crap="20" count="0"/>
        <line num="337" type="stmt" count="0"/>
        <line num="338" type="stmt" count="0"/>
        <line num="339" type="stmt" count="0"/>
        <line num="340" type="stmt" count="0"/>
        <line num="341" type="stmt" count="0"/>
        <line num="342" type="stmt" count="0"/>
        <line num="343" type="stmt" count="0"/>
        <line num="345" type="stmt" count="0"/>
        <line num="347" type="method" name="offsetGet" crap="156" count="0"/>
        <line num="349" type="stmt" count="0"/>
        <line num="350" type="stmt" count="0"/>
        <line num="351" type="stmt" count="0"/>
        <line num="352" type="stmt" count="0"/>
        <line num="354" type="stmt" count="0"/>
        <line num="355" type="stmt" count="0"/>
        <line num="356" type="stmt" count="0"/>
        <line num="357" type="stmt" count="0"/>
        <line num="360" type="stmt" count="0"/>
        <line num="361" type="stmt" count="0"/>
        <line num="362" type="stmt" count="0"/>
        <line num="363" type="stmt" count="0"/>
        <line num="365" type="stmt" count="0"/>
        <line num="366" type="stmt" count="0"/>
        <line num="367" type="stmt" count="0"/>
        <line num="368" type="stmt" count="0"/>
        <line num="370" type="stmt" count="0"/>
        <line num="372" type="stmt" count="0"/>
        <line num="373" type="stmt" count="0"/>
        <line num="374" type="stmt" count="0"/>
        <line num="375" type="stmt" count="0"/>
        <line num="377" type="stmt" count="0"/>
        <line num="383" type="stmt" count="0"/>
        <line num="387" type="method" name="offsetUnset" crap="2" count="0"/>
        <line num="389" type="stmt" count="0"/>
        <line num="390" type="stmt" count="0"/>
        <line num="395" type="method" name="addPropertyChangedListener" crap="6" count="0"/>
        <line num="397" type="stmt" count="0"/>
        <line num="398" type="stmt" count="0"/>
        <line num="399" type="stmt" count="0"/>
        <line num="401" type="stmt" count="0"/>
        <line num="402" type="stmt" count="0"/>
        <line num="407" type="method" name="removePropertyChangedListener" crap="20" count="0"/>
        <line num="409" type="stmt" count="0"/>
        <line num="410" type="stmt" count="0"/>
        <line num="413" type="stmt" count="0"/>
        <line num="414" type="stmt" count="0"/>
        <line num="415" type="stmt" count="0"/>
        <line num="416" type="stmt" count="0"/>
        <line num="418" type="stmt" count="0"/>
        <line num="419" type="stmt" count="0"/>
        <line num="425" type="method" name="addCustomCallable" crap="2" count="0"/>
        <line num="427" type="stmt" count="0"/>
        <line num="428" type="stmt" count="0"/>
        <line num="430" type="method" name="ensureDefaultPropertyChangedListener" crap="20" count="0"/>
        <line num="432" type="stmt" count="0"/>
        <line num="434" type="stmt" count="0"/>
        <line num="435" type="stmt" count="0"/>
        <line num="436" type="stmt" count="0"/>
        <line num="437" type="stmt" count="0"/>
        <line num="439" type="stmt" count="0"/>
        <line num="440" type="stmt" count="0"/>
        <line num="442" type="stmt" count="0"/>
        <line num="444" type="stmt" count="0"/>
        <line num="447" type="method" name="__clone" crap="2" count="0"/>
        <line num="449" type="stmt" count="0"/>
        <line num="450" type="stmt" count="0"/>
        <line num="455" type="method" name="getStateChangeRecorder" crap="56" count="0"/>
        <line num="457" type="stmt" count="0"/>
        <line num="458" type="stmt" count="0"/>
        <line num="459" type="stmt" count="0"/>
        <line num="460" type="stmt" count="0"/>
        <line num="461" type="stmt" count="0"/>
        <line num="464" type="stmt" count="0"/>
        <line num="469" type="stmt" count="0"/>
        <line num="470" type="stmt" count="0"/>
        <line num="471" type="stmt" count="0"/>
        <line num="474" type="stmt" count="0"/>
        <line num="475" type="stmt" count="0"/>
        <line num="476" type="stmt" count="0"/>
        <line num="477" type="stmt" count="0"/>
        <line num="479" type="stmt" count="0"/>
        <line num="485" type="method" name="resetStateChangeRecorder" crap="2" count="0"/>
        <line num="487" type="stmt" count="0"/>
        <line num="488" type="stmt" count="0"/>
        <line num="489" type="stmt" count="0"/>
        <line num="495" type="method" name="getOriginalStateClone" crap="2" count="0"/>
        <line num="497" type="stmt" count="0"/>
        <line num="499" type="stmt" count="0"/>
        <line num="510" type="method" name="_onPropertyChanged" crap="72" count="0"/>
        <line num="512" type="stmt" count="0"/>
        <line num="513" type="stmt" count="0"/>
        <line num="515" type="stmt" count="0"/>
        <line num="516" type="stmt" count="0"/>
        <line num="517" type="stmt" count="0"/>
        <line num="518" type="stmt" count="0"/>
        <line num="519" type="stmt" count="0"/>
        <line num="521" type="stmt" count="0"/>
        <line num="522" type="stmt" count="0"/>
        <line num="523" type="stmt" count="0"/>
        <line num="524" type="stmt" count="0"/>
        <line num="525" type="stmt" count="0"/>
        <line num="526" type="stmt" count="0"/>
        <line num="527" type="stmt" count="0"/>
        <line num="528" type="stmt" count="0"/>
        <line num="530" type="stmt" count="0"/>
        <line num="531" type="stmt" count="0"/>
        <line num="532" type="stmt" count="0"/>
        <line num="534" type="method" name="propertyChangedCallback" crap="2" count="0"/>
        <line num="536" type="stmt" count="0"/>
        <line num="538" type="method" name="__getPropValue__" crap="2" count="0"/>
        <line num="540" type="stmt" count="0"/>
        <line num="542" type="method" name="__setPropValue__" crap="2" count="0"/>
        <line num="544" type="stmt" count="0"/>
        <line num="545" type="stmt" count="0"/>
        <line num="546" type="method" name="__hasRunLoad__" crap="2" count="0"/>
        <line num="548" type="stmt" count="0"/>
        <metrics loc="550" ncloc="391" classes="1" methods="31" coveredmethods="0" conditionals="0" coveredconditionals="0" statements="202" coveredstatements="0" elements="233" coveredelements="0"/>
      </file>
      <file name="/Users/tickner/src/deskpro/deskPRO/app/src/Application/DeskPRO/Domain/DomainObject.php">
        <class name="DomainObject" namespace="Application\DeskPRO\Domain">
          <metrics methods="12" coveredmethods="0" conditionals="0" coveredconditionals="0" statements="141" coveredstatements="0" elements="153" coveredelements="0"/>
        </class>
        <line num="67" type="method" name="getRepository" crap="2" count="0"/>
        <line num="69" type="stmt" count="0"/>
        <line num="70" type="stmt" count="0"/>
        <line num="71" type="stmt" count="0"/>
        <line num="73" type="stmt" count="0"/>
        <line num="75" type="stmt" count="0"/>
        <line num="83" type="method" name="getTableName" crap="2" count="0"/>
        <line num="85" type="stmt" count="0"/>
        <line num="91" type="method" name="getEntityName" crap="6" count="0"/>
        <line num="93" type="stmt" count="0"/>
        <line num="94" type="stmt" count="0"/>
        <line num="95" type="stmt" count="0"/>
        <line num="96" type="stmt" count="0"/>
        <line num="98" type="stmt" count="0"/>
        <line num="100" type="stmt" count="0"/>
        <line num="110" type="method" name="getObjectRef" crap="12" count="0"/>
        <line num="112" type="stmt" count="0"/>
        <line num="113" type="stmt" count="0"/>
        <line num="114" type="stmt" count="0"/>
        <line num="115" type="stmt" count="0"/>
        <line num="117" type="stmt" count="0"/>
        <line num="128" type="method" name="setModelField" crap="306" count="0"/>
        <line num="130" type="stmt" count="0"/>
        <line num="132" type="stmt" count="0"/>
        <line num="133" type="stmt" count="0"/>
        <line num="134" type="stmt" count="0"/>
        <line num="135" type="stmt" count="0"/>
        <line num="138" type="stmt" count="0"/>
        <line num="139" type="stmt" count="0"/>
        <line num="140" type="stmt" count="0"/>
        <line num="141" type="stmt" count="0"/>
        <line num="142" type="stmt" count="0"/>
        <line num="143" type="stmt" count="0"/>
        <line num="145" type="stmt" count="0"/>
        <line num="146" type="stmt" count="0"/>
        <line num="147" type="stmt" count="0"/>
        <line num="150" type="stmt" count="0"/>
        <line num="151" type="stmt" count="0"/>
        <line num="152" type="stmt" count="0"/>
        <line num="154" type="stmt" count="0"/>
        <line num="155" type="stmt" count="0"/>
        <line num="156" type="stmt" count="0"/>
        <line num="158" type="stmt" count="0"/>
        <line num="160" type="stmt" count="0"/>
        <line num="162" type="stmt" count="0"/>
        <line num="163" type="stmt" count="0"/>
        <line num="168" type="method" name="offsetSet" crap="12" count="0"/>
        <line num="170" type="stmt" count="0"/>
        <line num="171" type="stmt" count="0"/>
        <line num="172" type="stmt" count="0"/>
        <line num="173" type="stmt" count="0"/>
        <line num="174" type="stmt" count="0"/>
        <line num="176" type="stmt" count="0"/>
        <line num="184" type="method" name="setUntrackedModelField" crap="2" count="0"/>
        <line num="186" type="stmt" count="0"/>
        <line num="187" type="stmt" count="0"/>
        <line num="195" type="method" name="toApiData" crap="1190" count="0"/>
        <line num="197" type="stmt" count="0"/>
        <line num="198" type="stmt" count="0"/>
        <line num="199" type="stmt" count="0"/>
        <line num="202" type="stmt" count="0"/>
        <line num="203" type="stmt" count="0"/>
        <line num="205" type="stmt" count="0"/>
        <line num="206" type="stmt" count="0"/>
        <line num="207" type="stmt" count="0"/>
        <line num="208" type="stmt" count="0"/>
        <line num="209" type="stmt" count="0"/>
        <line num="212" type="stmt" count="0"/>
        <line num="213" type="stmt" count="0"/>
        <line num="216" type="stmt" count="0"/>
        <line num="217" type="stmt" count="0"/>
        <line num="218" type="stmt" count="0"/>
        <line num="219" type="stmt" count="0"/>
        <line num="222" type="stmt" count="0"/>
        <line num="223" type="stmt" count="0"/>
        <line num="224" type="stmt" count="0"/>
        <line num="225" type="stmt" count="0"/>
        <line num="226" type="stmt" count="0"/>
        <line num="227" type="stmt" count="0"/>
        <line num="228" type="stmt" count="0"/>
        <line num="229" type="stmt" count="0"/>
        <line num="230" type="stmt" count="0"/>
        <line num="232" type="stmt" count="0"/>
        <line num="233" type="stmt" count="0"/>
        <line num="235" type="stmt" count="0"/>
        <line num="236" type="stmt" count="0"/>
        <line num="237" type="stmt" count="0"/>
        <line num="238" type="stmt" count="0"/>
        <line num="239" type="stmt" count="0"/>
        <line num="240" type="stmt" count="0"/>
        <line num="241" type="stmt" count="0"/>
        <line num="242" type="stmt" count="0"/>
        <line num="243" type="stmt" count="0"/>
        <line num="244" type="stmt" count="0"/>
        <line num="245" type="stmt" count="0"/>
        <line num="246" type="stmt" count="0"/>
        <line num="248" type="stmt" count="0"/>
        <line num="250" type="stmt" count="0"/>
        <line num="251" type="stmt" count="0"/>
        <line num="252" type="stmt" count="0"/>
        <line num="253" type="stmt" count="0"/>
        <line num="256" type="stmt" count="0"/>
        <line num="257" type="stmt" count="0"/>
        <line num="260" type="stmt" count="0"/>
        <line num="262" type="stmt" count="0"/>
        <line num="263" type="stmt" count="0"/>
        <line num="264" type="stmt" count="0"/>
        <line num="265" type="stmt" count="0"/>
        <line num="267" type="stmt" count="0"/>
        <line num="268" type="stmt" count="0"/>
        <line num="269" type="stmt" count="0"/>
        <line num="270" type="stmt" count="0"/>
        <line num="272" type="stmt" count="0"/>
        <line num="273" type="stmt" count="0"/>
        <line num="274" type="stmt" count="0"/>
        <line num="275" type="stmt" count="0"/>
        <line num="276" type="stmt" count="0"/>
        <line num="278" type="stmt" count="0"/>
        <line num="279" type="stmt" count="0"/>
        <line num="280" type="stmt" count="0"/>
        <line num="281" type="stmt" count="0"/>
        <line num="282" type="stmt" count="0"/>
        <line num="283" type="stmt" count="0"/>
        <line num="285" type="stmt" count="0"/>
        <line num="291" type="method" name="getScalarData" crap="30" count="0"/>
        <line num="293" type="stmt" count="0"/>
        <line num="294" type="stmt" count="0"/>
        <line num="295" type="stmt" count="0"/>
        <line num="298" type="stmt" count="0"/>
        <line num="300" type="stmt" count="0"/>
        <line num="301" type="stmt" count="0"/>
        <line num="303" type="stmt" count="0"/>
        <line num="304" type="stmt" count="0"/>
        <line num="305" type="stmt" count="0"/>
        <line num="306" type="stmt" count="0"/>
        <line num="307" type="stmt" count="0"/>
        <line num="308" type="stmt" count="0"/>
        <line num="310" type="stmt" count="0"/>
        <line num="312" type="stmt" count="0"/>
        <line num="318" type="method" name="_setNoPersist" crap="2" count="0"/>
        <line num="320" type="stmt" count="0"/>
        <line num="321" type="stmt" count="0"/>
        <line num="327" type="method" name="_isNoPersist" crap="2" count="0"/>
        <line num="329" type="stmt" count="0"/>
        <line num="335" type="method" name="__toString" crap="12" count="0"/>
        <line num="337" type="stmt" count="0"/>
        <line num="338" type="stmt" count="0"/>
        <line num="339" type="stmt" count="0"/>
        <line num="341" type="stmt" count="0"/>
        <line num="342" type="stmt" count="0"/>
        <line num="343" type="stmt" count="0"/>
        <line num="345" type="stmt" count="0"/>
        <line num="348" type="stmt" count="0"/>
        <metrics loc="351" ncloc="253" classes="1" methods="12" coveredmethods="0" conditionals="0" coveredconditionals="0" statements="141" coveredstatements="0" elements="153" coveredelements="0"/>
      </file>
    </package>
    <package name="Application\DeskPRO\Entity">
      <file name="/Users/tickner/src/deskpro/deskPRO/app/src/Application/DeskPRO/Entity/Brand.php">
        <class name="Brand" namespace="Application\DeskPRO\Entity">
          <metrics methods="4" coveredmethods="0" conditionals="0" coveredconditionals="0" statements="17" coveredstatements="0" elements="21" coveredelements="0"/>
        </class>
        <line num="71" type="method" name="getId" crap="2" count="0"/>
        <line num="73" type="stmt" count="0"/>
        <line num="76" type="method" name="toApiData" crap="6" count="0"/>
        <line num="78" type="stmt" count="0"/>
        <line num="79" type="stmt" count="0"/>
        <line num="81" type="stmt" count="0"/>
        <line num="84" type="method" name="__construct" crap="2" count="0"/>
        <line num="86" type="stmt" count="0"/>
        <line num="87" type="stmt" count="0"/>
        <line num="88" type="stmt" count="0"/>
        <line num="89" type="stmt" count="0"/>
        <line num="95" type="method" name="loadMetadata" crap="2" count="0"/>
        <line num="97" type="stmt" count="0"/>
        <line num="98" type="stmt" count="0"/>
        <line num="99" type="stmt" count="0"/>
        <line num="100" type="stmt" count="0"/>
        <line num="102" type="stmt" count="0"/>
        <line num="103" type="stmt" count="0"/>
        <line num="104" type="stmt" count="0"/>
        <line num="105" type="stmt" count="0"/>
        <line num="106" type="stmt" count="0"/>
        <metrics loc="107" ncloc="50" classes="1" methods="4" coveredmethods="0" conditionals="0" coveredconditionals="0" statements="17" coveredstatements="0" elements="21" coveredelements="0"/>
      </file>
      <file name="/Users/tickner/src/deskpro/deskPRO/app/src/Application/DeskPRO/Entity/Job.php">
        <class name="Job" namespace="Application\DeskPRO\Entity">
          <metrics methods="4" coveredmethods="1" conditionals="0" coveredconditionals="0" statements="44" coveredstatements="9" elements="48" coveredelements="10"/>
        </class>
        <line num="226" type="method" name="__construct" crap="1" count="1"/>
        <line num="228" type="stmt" count="1"/>
        <line num="229" type="stmt" count="1"/>
        <line num="230" type="stmt" count="1"/>
        <line num="231" type="stmt" count="1"/>
        <line num="232" type="stmt" count="1"/>
        <line num="233" type="stmt" count="1"/>
        <line num="234" type="stmt" count="1"/>
        <line num="235" type="stmt" count="1"/>
        <line num="236" type="stmt" count="1"/>
        <line num="242" type="method" name="loadMetadata" crap="2" count="0"/>
        <line num="244" type="stmt" count="0"/>
        <line num="246" type="stmt" count="0"/>
        <line num="247" type="stmt" count="0"/>
        <line num="248" type="stmt" count="0"/>
        <line num="250" type="stmt" count="0"/>
        <line num="252" type="stmt" count="0"/>
        <line num="253" type="stmt" count="0"/>
        <line num="254" type="stmt" count="0"/>
        <line num="255" type="stmt" count="0"/>
        <line num="256" type="stmt" count="0"/>
        <line num="257" type="stmt" count="0"/>
        <line num="258" type="stmt" count="0"/>
        <line num="259" type="stmt" count="0"/>
        <line num="260" type="stmt" count="0"/>
        <line num="261" type="stmt" count="0"/>
        <line num="262" type="stmt" count="0"/>
        <line num="263" type="stmt" count="0"/>
        <line num="264" type="stmt" count="0"/>
        <line num="265" type="stmt" count="0"/>
        <line num="266" type="stmt" count="0"/>
        <line num="267" type="stmt" count="0"/>
        <line num="268" type="stmt" count="0"/>
        <line num="269" type="stmt" count="0"/>
        <line num="271" type="method" name="reschedule" crap="2" count="0"/>
        <line num="273" type="stmt" count="0"/>
        <line num="274" type="stmt" count="0"/>
        <line num="275" type="stmt" count="0"/>
        <line num="276" type="stmt" count="0"/>
        <line num="277" type="stmt" count="0"/>
        <line num="278" type="stmt" count="0"/>
        <line num="280" type="method" name="retry" crap="2" count="0"/>
        <line num="282" type="stmt" count="0"/>
        <line num="283" type="stmt" count="0"/>
        <line num="284" type="stmt" count="0"/>
        <line num="285" type="stmt" count="0"/>
        <line num="286" type="stmt" count="0"/>
        <line num="287" type="stmt" count="0"/>
        <metrics loc="288" ncloc="109" classes="1" methods="4" coveredmethods="1" conditionals="0" coveredconditionals="0" statements="44" coveredstatements="9" elements="48" coveredelements="10"/>
      </file>
    </package>
    <file name="/Users/tickner/src/deskpro/deskPRO/app/src/Application/DeskPRO/JobQueue/JobProcessorInterface.php">
      <metrics loc="55" ncloc="11" classes="0" methods="0" coveredmethods="0" conditionals="0" coveredconditionals="0" statements="0" coveredstatements="0" elements="0" coveredelements="0"/>
    </file>
    <package name="Application\DeskPRO\JobQueue">
      <file name="/Users/tickner/src/deskpro/deskPRO/app/src/Application/DeskPRO/JobQueue/JobQueue.php">
        <class name="JobQueue" namespace="Application\DeskPRO\JobQueue">
          <metrics methods="11" coveredmethods="0" conditionals="0" coveredconditionals="0" statements="28" coveredstatements="0" elements="39" coveredelements="0"/>
        </class>
        <line num="52" type="method" name="__construct" crap="2" count="0"/>
        <line num="54" type="stmt" count="0"/>
        <line num="55" type="stmt" count="0"/>
        <line num="56" type="stmt" count="0"/>
        <line num="66" type="method" name="add" crap="2" count="0"/>
        <line num="68" type="stmt" count="0"/>
        <line num="69" type="stmt" count="0"/>
        <line num="78" type="method" name="addJob" crap="6" count="0"/>
        <line num="81" type="stmt" count="0"/>
        <line num="84" type="stmt" count="0"/>
        <line num="87" type="stmt" count="0"/>
        <line num="90" type="stmt" count="0"/>
        <line num="91" type="stmt" count="0"/>
        <line num="100" type="method" name="reschedule" crap="2" count="0"/>
        <line num="102" type="stmt" count="0"/>
        <line num="103" type="stmt" count="0"/>
        <line num="104" type="stmt" count="0"/>
        <line num="107" type="method" name="retry" crap="2" count="0"/>
        <line num="109" type="stmt" count="0"/>
        <line num="110" type="stmt" count="0"/>
        <line num="111" type="stmt" count="0"/>
        <line num="120" type="method" name="isReady" crap="2" count="0"/>
        <line num="122" type="stmt" count="0"/>
        <line num="132" type="method" name="isReadyByJobId" crap="2" count="0"/>
        <line num="134" type="stmt" count="0"/>
        <line num="143" type="method" name="rescheduleByJobId" crap="2" count="0"/>
        <line num="145" type="stmt" count="0"/>
        <line num="146" type="stmt" count="0"/>
        <line num="154" type="method" name="retryByJobId" crap="2" count="0"/>
        <line num="156" type="stmt" count="0"/>
        <line num="157" type="stmt" count="0"/>
        <line num="165" type="method" name="saveJob" crap="2" count="0"/>
        <line num="168" type="stmt" count="0"/>
        <line num="169" type="stmt" count="0"/>
        <line num="170" type="stmt" count="0"/>
        <line num="179" type="method" name="getJob" crap="2" count="0"/>
        <line num="181" type="stmt" count="0"/>
        <line num="182" type="stmt" count="0"/>
        <line num="184" type="stmt" count="0"/>
        <metrics loc="186" ncloc="87" classes="1" methods="11" coveredmethods="0" conditionals="0" coveredconditionals="0" statements="28" coveredstatements="0" elements="39" coveredelements="0"/>
      </file>
    </package>
    <package name="Application\DeskPRO\JobQueue\Processor">
      <file name="/Users/tickner/src/deskpro/deskPRO/app/src/Application/DeskPRO/JobQueue/Processor/AbstractJobProcessor.php">
        <class name="AbstractJobProcessor" namespace="Application\DeskPRO\JobQueue\Processor">
          <metrics methods="13" coveredmethods="0" conditionals="0" coveredconditionals="0" statements="115" coveredstatements="0" elements="128" coveredelements="0"/>
        </class>
        <line num="64" type="method" name="execute" crap="20" count="0"/>
        <line num="68" type="stmt" count="0"/>
        <line num="71" type="stmt" count="0"/>
        <line num="72" type="stmt" count="0"/>
        <line num="75" type="stmt" count="0"/>
        <line num="76" type="stmt" count="0"/>
        <line num="77" type="stmt" count="0"/>
        <line num="78" type="stmt" count="0"/>
        <line num="80" type="stmt" count="0"/>
        <line num="82" type="stmt" count="0"/>
        <line num="86" type="stmt" count="0"/>
        <line num="87" type="stmt" count="0"/>
        <line num="88" type="stmt" count="0"/>
        <line num="90" type="stmt" count="0"/>
        <line num="92" type="stmt" count="0"/>
        <line num="95" type="stmt" count="0"/>
        <line num="125" type="method" name="runExceptionHandler" crap="2" count="0"/>
        <line num="127" type="stmt" count="0"/>
        <line num="128" type="stmt" count="0"/>
        <line num="129" type="stmt" count="0"/>
        <line num="130" type="stmt" count="0"/>
        <line num="132" type="stmt" count="0"/>
        <line num="133" type="stmt" count="0"/>
        <line num="140" type="method" name="runSuccessHandler" crap="2" count="0"/>
        <line num="142" type="stmt" count="0"/>
        <line num="143" type="stmt" count="0"/>
        <line num="153" type="method" name="canHandle" crap="6" count="0"/>
        <line num="155" type="stmt" count="0"/>
        <line num="156" type="stmt" count="0"/>
        <line num="159" type="stmt" count="0"/>
        <line num="165" type="method" name="__construct" crap="2" count="0"/>
        <line num="167" type="stmt" count="0"/>
        <line num="168" type="stmt" count="0"/>
        <line num="179" type="method" name="markComplete" crap="2" count="0"/>
        <line num="181" type="stmt" count="0"/>
        <line num="190" type="stmt" count="0"/>
        <line num="192" type="stmt" count="0"/>
        <line num="193" type="stmt" count="0"/>
        <line num="194" type="stmt" count="0"/>
        <line num="195" type="stmt" count="0"/>
        <line num="196" type="stmt" count="0"/>
        <line num="197" type="stmt" count="0"/>
        <line num="198" type="stmt" count="0"/>
        <line num="200" type="stmt" count="0"/>
        <line num="201" type="stmt" count="0"/>
        <line num="202" type="stmt" count="0"/>
        <line num="203" type="stmt" count="0"/>
        <line num="204" type="stmt" count="0"/>
        <line num="206" type="stmt" count="0"/>
        <line num="207" type="stmt" count="0"/>
        <line num="208" type="stmt" count="0"/>
        <line num="219" type="method" name="markRejected" crap="2" count="0"/>
        <line num="221" type="stmt" count="0"/>
        <line num="230" type="stmt" count="0"/>
        <line num="232" type="stmt" count="0"/>
        <line num="233" type="stmt" count="0"/>
        <line num="234" type="stmt" count="0"/>
        <line num="235" type="stmt" count="0"/>
        <line num="236" type="stmt" count="0"/>
        <line num="237" type="stmt" count="0"/>
        <line num="238" type="stmt" count="0"/>
        <line num="240" type="stmt" count="0"/>
        <line num="241" type="stmt" count="0"/>
        <line num="242" type="stmt" count="0"/>
        <line num="243" type="stmt" count="0"/>
        <line num="244" type="stmt" count="0"/>
        <line num="246" type="stmt" count="0"/>
        <line num="247" type="stmt" count="0"/>
        <line num="248" type="stmt" count="0"/>
        <line num="259" type="method" name="markExceptionError" crap="2" count="0"/>
        <line num="261" type="stmt" count="0"/>
        <line num="271" type="stmt" count="0"/>
        <line num="273" type="stmt" count="0"/>
        <line num="274" type="stmt" count="0"/>
        <line num="275" type="stmt" count="0"/>
        <line num="276" type="stmt" count="0"/>
        <line num="277" type="stmt" count="0"/>
        <line num="278" type="stmt" count="0"/>
        <line num="279" type="stmt" count="0"/>
        <line num="281" type="stmt" count="0"/>
        <line num="282" type="stmt" count="0"/>
        <line num="283" type="stmt" count="0"/>
        <line num="284" type="stmt" count="0"/>
        <line num="285" type="stmt" count="0"/>
        <line num="287" type="stmt" count="0"/>
        <line num="288" type="stmt" count="0"/>
        <line num="289" type="stmt" count="0"/>
        <line num="299" type="method" name="scheduleRetryExisting" crap="2" count="0"/>
        <line num="301" type="stmt" count="0"/>
        <line num="305" type="stmt" count="0"/>
        <line num="313" type="stmt" count="0"/>
        <line num="315" type="stmt" count="0"/>
        <line num="316" type="stmt" count="0"/>
        <line num="317" type="stmt" count="0"/>
        <line num="318" type="stmt" count="0"/>
        <line num="319" type="stmt" count="0"/>
        <line num="321" type="stmt" count="0"/>
        <line num="322" type="stmt" count="0"/>
        <line num="323" type="stmt" count="0"/>
        <line num="325" type="stmt" count="0"/>
        <line num="326" type="stmt" count="0"/>
        <line num="327" type="stmt" count="0"/>
        <line num="336" type="method" name="touchJob" crap="2" count="0"/>
        <line num="338" type="stmt" count="0"/>
        <line num="343" type="stmt" count="0"/>
        <line num="345" type="stmt" count="0"/>
        <line num="346" type="stmt" count="0"/>
        <line num="347" type="stmt" count="0"/>
        <line num="349" type="stmt" count="0"/>
        <line num="351" type="stmt" count="0"/>
        <line num="352" type="stmt" count="0"/>
        <line num="353" type="stmt" count="0"/>
        <line num="355" type="method" name="getOriginalJobId" crap="6" count="0"/>
        <line num="357" type="stmt" count="0"/>
        <line num="366" type="method" name="getData" crap="2" count="0"/>
        <line num="368" type="stmt" count="0"/>
        <line num="370" type="stmt" count="0"/>
        <line num="371" type="stmt" count="0"/>
        <line num="373" type="stmt" count="0"/>
        <line num="380" type="method" name="formatExceptionIntoString" crap="2" count="0"/>
        <line num="382" type="stmt" count="0"/>
        <line num="383" type="stmt" count="0"/>
        <line num="384" type="stmt" count="0"/>
        <line num="385" type="stmt" count="0"/>
        <line num="386" type="stmt" count="0"/>
        <line num="387" type="stmt" count="0"/>
        <line num="388" type="stmt" count="0"/>
        <line num="389" type="stmt" count="0"/>
        <metrics loc="391" ncloc="249" classes="1" methods="13" coveredmethods="0" conditionals="0" coveredconditionals="0" statements="115" coveredstatements="0" elements="128" coveredelements="0"/>
      </file>
      <file name="/Users/tickner/src/deskpro/deskPRO/app/src/Application/DeskPRO/JobQueue/Processor/OutgoingSmsProcessor.php">
        <class name="OutgoingSmsProcessor" namespace="Application\DeskPRO\JobQueue\Processor">
          <metrics methods="5" coveredmethods="0" conditionals="0" coveredconditionals="0" statements="32" coveredstatements="0" elements="37" coveredelements="0"/>
        </class>
        <line num="62" type="method" name="__construct" crap="2" count="0"/>
        <line num="64" type="stmt" count="0"/>
        <line num="65" type="stmt" count="0"/>
        <line num="66" type="stmt" count="0"/>
        <line num="71" type="method" name="setDataOptions" crap="2" count="0"/>
        <line num="73" type="stmt" count="0"/>
        <line num="75" type="stmt" count="0"/>
        <line num="76" type="stmt" count="0"/>
        <line num="78" type="stmt" count="0"/>
        <line num="79" type="stmt" count="0"/>
        <line num="81" type="stmt" count="0"/>
        <line num="83" type="stmt" count="0"/>
        <line num="84" type="stmt" count="0"/>
        <line num="85" type="stmt" count="0"/>
        <line num="86" type="stmt" count="0"/>
        <line num="87" type="stmt" count="0"/>
        <line num="90" type="method" name="process" crap="6" count="0"/>
        <line num="93" type="stmt" count="0"/>
        <line num="94" type="stmt" count="0"/>
        <line num="95" type="stmt" count="0"/>
        <line num="97" type="stmt" count="0"/>
        <line num="99" type="stmt" count="0"/>
        <line num="101" type="stmt" count="0"/>
        <line num="102" type="stmt" count="0"/>
        <line num="104" type="stmt" count="0"/>
        <line num="107" type="method" name="runExceptionHandler" crap="12" count="0"/>
        <line num="109" type="stmt" count="0"/>
        <line num="110" type="stmt" count="0"/>
        <line num="111" type="stmt" count="0"/>
        <line num="112" type="stmt" count="0"/>
        <line num="114" type="stmt" count="0"/>
        <line num="116" type="stmt" count="0"/>
        <line num="117" type="stmt" count="0"/>
        <line num="118" type="stmt" count="0"/>
        <line num="119" type="stmt" count="0"/>
        <line num="122" type="method" name="willRetry" crap="2" count="0"/>
        <line num="124" type="stmt" count="0"/>
        <metrics loc="126" ncloc="79" classes="1" methods="5" coveredmethods="0" conditionals="0" coveredconditionals="0" statements="32" coveredstatements="0" elements="37" coveredelements="0"/>
      </file>
    </package>
    <package name="Application\DeskPRO\NewSettings\Loader">
      <file name="/Users/tickner/src/deskpro/deskPRO/app/src/Application/DeskPRO/NewSettings/Loader/ConfigPhpFileLoader.php">
        <class name="ConfigPhpFileLoader" namespace="Application\DeskPRO\NewSettings\Loader">
          <metrics methods="4" coveredmethods="3" conditionals="0" coveredconditionals="0" statements="14" coveredstatements="13" elements="18" coveredelements="16"/>
        </class>
        <line num="63" type="method" name="__construct" crap="1" count="4"/>
        <line num="65" type="stmt" count="4"/>
        <line num="66" type="stmt" count="4"/>
        <line num="67" type="stmt" count="4"/>
        <line num="68" type="stmt" count="4"/>
        <line num="73" type="method" name="load" crap="3" count="4"/>
        <line num="75" type="stmt" count="4"/>
        <line num="76" type="stmt" count="1"/>
        <line num="79" type="stmt" count="3"/>
        <line num="80" type="stmt" count="1"/>
        <line num="81" type="stmt" count="1"/>
        <line num="83" type="stmt" count="3"/>
        <line num="85" type="stmt" count="3"/>
        <line num="86" type="stmt" count="3"/>
        <line num="88" type="stmt" count="3"/>
        <line num="94" type="method" name="getAbsFilePath" crap="1" count="4"/>
        <line num="96" type="stmt" count="4"/>
        <line num="102" type="method" name="getCacheKey" crap="2" count="0"/>
        <line num="104" type="stmt" count="0"/>
        <metrics loc="106" ncloc="54" classes="1" methods="4" coveredmethods="3" conditionals="0" coveredconditionals="0" statements="15" coveredstatements="14" elements="19" coveredelements="17"/>
      </file>
    </package>
    <package name="Application\DeskPRO\NewSettings">
      <file name="/Users/tickner/src/deskpro/deskPRO/app/src/Application/DeskPRO/NewSettings/SettingsBag.php">
        <class name="SettingsBag" namespace="Application\DeskPRO\NewSettings">
          <metrics methods="14" coveredmethods="8" conditionals="0" coveredconditionals="0" statements="25" coveredstatements="18" elements="39" coveredelements="26"/>
        </class>
        <line num="49" type="method" name="__construct" crap="1" count="9"/>
        <line num="51" type="stmt" count="9"/>
        <line num="52" type="stmt" count="9"/>
        <line num="55" type="method" name="toArray" crap="1" count="1"/>
        <line num="57" type="stmt" count="1"/>
        <line num="60" type="method" name="setArray" crap="1" count="9"/>
        <line num="62" type="stmt" count="9"/>
        <line num="63" type="stmt" count="9"/>
        <line num="65" type="method" name="has" crap="1" count="3"/>
        <line num="67" type="stmt" count="3"/>
        <line num="70" type="method" name="get" crap="2" count="3"/>
        <line num="72" type="stmt" count="3"/>
        <line num="78" type="method" name="getIterator" crap="2" count="0"/>
        <line num="80" type="stmt" count="0"/>
        <line num="87" type="method" name="offsetExists" crap="2" count="0"/>
        <line num="89" type="stmt" count="0"/>
        <line num="96" type="method" name="offsetGet" crap="1" count="1"/>
        <line num="98" type="stmt" count="1"/>
        <line num="105" type="method" name="offsetSet" crap="2" count="0"/>
        <line num="107" type="stmt" count="0"/>
        <line num="114" type="method" name="offsetUnset" crap="2" count="0"/>
        <line num="116" type="stmt" count="0"/>
        <line num="118" type="stmt" count="0"/>
        <line num="125" type="method" name="serialize" crap="2" count="0"/>
        <line num="127" type="stmt" count="0"/>
        <line num="134" type="method" name="unserialize" crap="2" count="0"/>
        <line num="136" type="stmt" count="0"/>
        <line num="143" type="method" name="count" crap="1" count="1"/>
        <line num="145" type="stmt" count="1"/>
        <line num="167" type="method" name="getGroup" crap="4" count="1"/>
        <line num="169" type="stmt" count="1"/>
        <line num="171" type="stmt" count="1"/>
        <line num="172" type="stmt" count="1"/>
        <line num="174" type="stmt" count="1"/>
        <line num="175" type="stmt" count="1"/>
        <line num="176" type="stmt" count="1"/>
        <line num="177" type="stmt" count="1"/>
        <line num="178" type="stmt" count="1"/>
        <line num="180" type="stmt" count="1"/>
        <metrics loc="182" ncloc="102" classes="1" methods="14" coveredmethods="8" conditionals="0" coveredconditionals="0" statements="25" coveredstatements="18" elements="39" coveredelements="26"/>
      </file>
[...]
        <line num="360" type="method" name="snapshotSuperGlobalArray" crap="4" count="43"/>
        <line num="362" type="stmt" count="43"/>
        <line num="364" type="stmt" count="43"/>
        <line num="365" type="stmt" count="43"/>
        <line num="366" type="stmt" count="43"/>
        <line num="367" type="stmt" count="43"/>
        <line num="368" type="stmt" count="43"/>
        <line num="369" type="stmt" count="43"/>
        <line num="374" type="method" name="snapshotStaticAttributes" crap="56" count="0"/>
        <line num="376" type="stmt" count="0"/>
        <line num="377" type="stmt" count="0"/>
        <line num="378" type="stmt" count="0"/>
        <line num="380" type="stmt" count="0"/>
        <line num="381" type="stmt" count="0"/>
        <line num="382" type="stmt" count="0"/>
        <line num="384" type="stmt" count="0"/>
        <line num="385" type="stmt" count="0"/>
        <line num="388" type="stmt" count="0"/>
        <line num="389" type="stmt" count="0"/>
        <line num="391" type="stmt" count="0"/>
        <line num="392" type="stmt" count="0"/>
        <line num="393" type="stmt" count="0"/>
        <line num="394" type="stmt" count="0"/>
        <line num="395" type="stmt" count="0"/>
        <line num="397" type="stmt" count="0"/>
        <line num="398" type="stmt" count="0"/>
        <line num="399" type="stmt" count="0"/>
        <line num="400" type="stmt" count="0"/>
        <line num="401" type="stmt" count="0"/>
        <line num="408" type="method" name="setupSuperGlobalArrays" crap="2.50" count="43"/>
        <line num="410" type="stmt" count="43"/>
        <line num="411" type="stmt" count="43"/>
        <line num="412" type="stmt" count="43"/>
        <line num="413" type="stmt" count="43"/>
        <line num="414" type="stmt" count="43"/>
        <line num="415" type="stmt" count="43"/>
        <line num="416" type="stmt" count="43"/>
        <line num="418" type="stmt" count="43"/>
        <line num="420" type="stmt" count="43"/>
        <line num="421" type="stmt" count="0"/>
        <line num="422" type="stmt" count="0"/>
        <line num="424" type="stmt" count="0"/>
        <line num="425" type="stmt" count="0"/>
        <line num="426" type="stmt" count="0"/>
        <line num="427" type="stmt" count="0"/>
        <line num="428" type="stmt" count="0"/>
        <line num="430" type="stmt" count="0"/>
        <line num="431" type="stmt" count="0"/>
        <line num="432" type="stmt" count="0"/>
        <line num="433" type="stmt" count="43"/>
        <line num="440" type="method" name="canBeSerialized" crap="1" count="43"/>
        <line num="441" type="stmt" count="43"/>
        <metrics loc="443" ncloc="274" classes="1" methods="22" coveredmethods="7" conditionals="0" coveredconditionals="0" statements="130" coveredstatements="50" elements="152" coveredelements="57"/>
      </file>
    </package>
    <file name="/Users/tickner/src/deskpro/deskPRO/app/vendor/swiftmailer/swiftmailer/lib/classes/Swift.php">
      <class name="Swift" namespace="global" fullPackage="Swift" package="Swift">
        <metrics methods="3" coveredmethods="0" conditionals="0" coveredconditionals="0" statements="20" coveredstatements="2" elements="23" coveredelements="2"/>
      </class>
      <line num="34" type="method" name="init" crap="2" count="0"/>
      <line num="36" type="stmt" count="0"/>
      <line num="37" type="stmt" count="0"/>
      <line num="44" type="method" name="autoload" crap="27.81" count="11"/>
      <line num="47" type="stmt" count="11"/>
      <line num="48" type="stmt" count="11"/>
      <line num="51" type="stmt" count="0"/>
      <line num="53" type="stmt" count="0"/>
      <line num="54" type="stmt" count="0"/>
      <line num="57" type="stmt" count="0"/>
      <line num="59" type="stmt" count="0"/>
      <line num="60" type="stmt" count="0"/>
      <line num="61" type="stmt" count="0"/>
      <line num="62" type="stmt" count="0"/>
      <line num="63" type="stmt" count="0"/>
      <line num="64" type="stmt" count="0"/>
      <line num="65" type="stmt" count="0"/>
      <line num="74" type="method" name="registerAutoload" crap="6" count="0"/>
      <line num="76" type="stmt" count="0"/>
      <line num="77" type="stmt" count="0"/>
      <line num="78" type="stmt" count="0"/>
      <line num="79" type="stmt" count="0"/>
      <line num="80" type="stmt" count="0"/>
      <metrics loc="81" ncloc="44" classes="1" methods="3" coveredmethods="0" conditionals="0" coveredconditionals="0" statements="20" coveredstatements="2" elements="23" coveredelements="2"/>
    </file>
    <file name="/Users/tickner/src/deskpro/deskPRO/app/vendor/swiftmailer/swiftmailer/lib/classes/Swift/DependencyContainer.php">
      <class name="Swift_DependencyContainer" namespace="global" fullPackage="Swift" package="Swift">
        <metrics methods="20" coveredmethods="0" conditionals="0" coveredconditionals="0" statements="99" coveredstatements="0" elements="119" coveredelements="0"/>
      </class>
      <line num="52" type="method" name="getInstance" crap="6" count="0"/>
      <line num="54" type="stmt" count="0"/>
      <line num="55" type="stmt" count="0"/>
      <line num="56" type="stmt" count="0"/>
      <line num="58" type="stmt" count="0"/>
      <line num="66" type="method" name="listItems" crap="2" count="0"/>
      <line num="68" type="stmt" count="0"/>
      <line num="80" type="method" name="has" crap="6" count="0"/>
      <line num="82" type="stmt" count="0"/>
      <line num="83" type="stmt" count="0"/>
      <line num="97" type="method" name="lookup" crap="42" count="0"/>
      <line num="99" type="stmt" count="0"/>
      <line num="100" type="stmt" count="0"/>
      <line num="101" type="stmt" count="0"/>
      <line num="102" type="stmt" count="0"/>
      <line num="105" type="stmt" count="0"/>
      <line num="106" type="stmt" count="0"/>
      <line num="107" type="stmt" count="0"/>
      <line num="108" type="stmt" count="0"/>
      <line num="109" type="stmt" count="0"/>
      <line num="110" type="stmt" count="0"/>
      <line num="111" type="stmt" count="0"/>
      <line num="112" type="stmt" count="0"/>
      <line num="113" type="stmt" count="0"/>
      <line num="114" type="stmt" count="0"/>
      <line num="115" type="stmt" count="0"/>
      <line num="124" type="method" name="createDependenciesFor" crap="6" count="0"/>
      <line num="126" type="stmt" count="0"/>
      <line num="127" type="stmt" count="0"/>
      <line num="128" type="stmt" count="0"/>
      <line num="129" type="stmt" count="0"/>
      <line num="131" type="stmt" count="0"/>
      <line num="146" type="method" name="register" crap="2" count="0"/>
      <line num="148" type="stmt" count="0"/>
      <line num="149" type="stmt" count="0"/>
      <line num="151" type="stmt" count="0"/>
      <line num="163" type="method" name="asValue" crap="2" count="0"/>
      <line num="165" type="stmt" count="0"/>
      <line num="166" type="stmt" count="0"/>
      <line num="167" type="stmt" count="0"/>
      <line num="169" type="stmt" count="0"/>
      <line num="179" type="method" name="asAliasOf" crap="2" count="0"/>
      <line num="181" type="stmt" count="0"/>
      <line num="182" type="stmt" count="0"/>
      <line num="183" type="stmt" count="0"/>
      <line num="185" type="stmt" count="0"/>
      <line num="201" type="method" name="asNewInstanceOf" crap="2" count="0"/>
      <line num="203" type="stmt" count="0"/>
      <line num="204" type="stmt" count="0"/>
      <line num="205" type="stmt" count="0"/>
      <line num="207" type="stmt" count="0"/>
      <line num="219" type="method" name="asSharedInstanceOf" crap="2" count="0"/>
      <line num="221" type="stmt" count="0"/>
      <line num="222" type="stmt" count="0"/>
      <line num="223" type="stmt" count="0"/>
      <line num="225" type="stmt" count="0"/>
      <line num="239" type="method" name="withDependencies" crap="6" count="0"/>
      <line num="241" type="stmt" count="0"/>
      <line num="242" type="stmt" count="0"/>
      <line num="243" type="stmt" count="0"/>
      <line num="244" type="stmt" count="0"/>
      <line num="245" type="stmt" count="0"/>
      <line num="247" type="stmt" count="0"/>
      <line num="260" type="method" name="addConstructorValue" crap="6" count="0"/>
      <line num="262" type="stmt" count="0"/>
      <line num="263" type="stmt" count="0"/>
      <line num="264" type="stmt" count="0"/>
      <line num="265" type="stmt" count="0"/>
      <line num="266" type="stmt" count="0"/>
      <line num="268" type="stmt" count="0"/>
      <line num="281" type="method" name="addConstructorLookup" crap="6" count="0"/>
      <line num="283" type="stmt" count="0"/>
      <line num="284" type="stmt" count="0"/>
      <line num="285" type="stmt" count="0"/>
      <line num="286" type="stmt" count="0"/>
      <line num="287" type="stmt" count="0"/>
      <line num="289" type="stmt" count="0"/>
      <line num="295" type="method" name="_getValue" crap="2" count="0"/>
      <line num="297" type="stmt" count="0"/>
      <line num="301" type="method" name="_createAlias" crap="2" count="0"/>
      <line num="303" type="stmt" count="0"/>
      <line num="307" type="method" name="_createNewInstance" crap="6" count="0"/>
      <line num="309" type="stmt" count="0"/>
      <line num="310" type="stmt" count="0"/>
      <line num="311" type="stmt" count="0"/>
      <line num="312" type="stmt" count="0"/>
      <line num="313" type="stmt" count="0"/>
      <line num="315" type="stmt" count="0"/>
      <line num="320" type="method" name="_createSharedInstance" crap="6" count="0"/>
      <line num="322" type="stmt" count="0"/>
      <line num="323" type="stmt" count="0"/>
      <line num="324" type="stmt" count="0"/>
      <line num="326" type="stmt" count="0"/>
      <line num="330" type="method" name="_getEndPoint" crap="6" count="0"/>
      <line num="332" type="stmt" count="0"/>
      <line num="333" type="stmt" count="0"/>
      <line num="335" type="stmt" count="0"/>
      <line num="338" type="stmt" count="0"/>
      <line num="342" type="method" name="_resolveArgs" crap="20" count="0"/>
      <line num="344" type="stmt" count="0"/>
      <line num="345" type="stmt" count="0"/>
      <line num="346" type="stmt" count="0"/>
      <line num="347" type="stmt" count="0"/>
      <line num="348" type="stmt" count="0"/>
      <line num="349" type="stmt" count="0"/>
      <line num="350" type="stmt" count="0"/>
      <line num="351" type="stmt" count="0"/>
      <line num="352" type="stmt" count="0"/>
      <line num="353" type="stmt" count="0"/>
      <line num="354" type="stmt" count="0"/>
      <line num="356" type="stmt" count="0"/>
      <line num="360" type="method" name="_lookupRecursive" crap="12" count="0"/>
      <line num="362" type="stmt" count="0"/>
      <line num="363" type="stmt" count="0"/>
      <line num="364" type="stmt" count="0"/>
      <line num="365" type="stmt" count="0"/>
      <line num="366" type="stmt" count="0"/>
      <line num="368" type="stmt" count="0"/>
      <line num="370" type="stmt" count="0"/>
      <metrics loc="373" ncloc="221" classes="1" methods="20" coveredmethods="0" conditionals="0" coveredconditionals="0" statements="99" coveredstatements="0" elements="119" coveredelements="0"/>
    </file>
    <file name="/Users/tickner/src/deskpro/deskPRO/app/vendor/swiftmailer/swiftmailer/lib/classes/Swift/Preferences.php">
      <class name="Swift_Preferences" namespace="global" fullPackage="Swift" package="Swift">
        <metrics methods="6" coveredmethods="0" conditionals="0" coveredconditionals="0" statements="21" coveredstatements="0" elements="27" coveredelements="0"/>
      </class>
      <line num="23" type="method" name="__construct" crap="2" count="0"/>
      <line num="25" type="stmt" count="0"/>
      <line num="32" type="method" name="getInstance" crap="6" count="0"/>
      <line num="34" type="stmt" count="0"/>
      <line num="35" type="stmt" count="0"/>
      <line num="36" type="stmt" count="0"/>
      <line num="38" type="stmt" count="0"/>
      <line num="48" type="method" name="setCharset" crap="2" count="0"/>
      <line num="50" type="stmt" count="0"/>
      <line num="51" type="stmt" count="0"/>
      <line num="53" type="stmt" count="0"/>
      <line num="63" type="method" name="setTempDir" crap="2" count="0"/>
      <line num="65" type="stmt" count="0"/>
      <line num="66" type="stmt" count="0"/>
      <line num="68" type="stmt" count="0"/>
      <line num="78" type="method" name="setCacheType" crap="2" count="0"/>
      <line num="80" type="stmt" count="0"/>
      <line num="81" type="stmt" count="0"/>
      <line num="83" type="stmt" count="0"/>
      <line num="93" type="method" name="setQPDotEscape" crap="2" count="0"/>
      <line num="95" type="stmt" count="0"/>
      <line num="96" type="stmt" count="0"/>
      <line num="97" type="stmt" count="0"/>
      <line num="98" type="stmt" count="0"/>
      <line num="99" type="stmt" count="0"/>
      <line num="100" type="stmt" count="0"/>
      <line num="102" type="stmt" count="0"/>
      <metrics loc="104" ncloc="56" classes="1" methods="6" coveredmethods="0" conditionals="0" coveredconditionals="0" statements="21" coveredstatements="0" elements="27" coveredelements="0"/>
    </file>
    <file name="/Users/tickner/src/deskpro/deskPRO/app/vendor/swiftmailer/swiftmailer/lib/swift_required.php">
      <line num="27" type="stmt" count="0"/>
      <line num="28" type="stmt" count="0"/>
      <metrics loc="32" ncloc="18" classes="0" methods="0" coveredmethods="0" conditionals="0" coveredconditionals="0" statements="2" coveredstatements="0" elements="2" coveredelements="0"/>
    </file>
    <package name="Symfony\Component\ClassLoader">
      <file name="/Users/tickner/src/deskpro/deskPRO/app/vendor/symfony/symfony/src/Symfony/Component/ClassLoader/UniversalClassLoader.php">
        <class name="UniversalClassLoader" namespace="Symfony\Component\ClassLoader">
          <metrics methods="17" coveredmethods="1" conditionals="0" coveredconditionals="0" statements="70" coveredstatements="24" elements="87" coveredelements="25"/>
        </class>
        <line num="77" type="method" name="useIncludePath" crap="2" count="0"/>
        <line num="79" type="stmt" count="0"/>
        <line num="80" type="stmt" count="0"/>
        <line num="88" type="method" name="getUseIncludePath" crap="2" count="0"/>
        <line num="90" type="stmt" count="0"/>
        <line num="98" type="method" name="getNamespaces" crap="2" count="0"/>
        <line num="100" type="stmt" count="0"/>
        <line num="108" type="method" name="getPrefixes" crap="2" count="0"/>
        <line num="110" type="stmt" count="0"/>
        <line num="118" type="method" name="getNamespaceFallbacks" crap="2" count="0"/>
        <line num="120" type="stmt" count="0"/>
        <line num="128" type="method" name="getPrefixFallbacks" crap="2" count="0"/>
        <line num="130" type="stmt" count="0"/>
        <line num="140" type="method" name="registerNamespaceFallbacks" crap="2" count="0"/>
        <line num="142" type="stmt" count="0"/>
        <line num="143" type="stmt" count="0"/>
        <line num="150" type="method" name="registerNamespaceFallback" crap="2" count="0"/>
        <line num="152" type="stmt" count="0"/>
        <line num="153" type="stmt" count="0"/>
        <line num="162" type="method" name="registerPrefixFallbacks" crap="2" count="0"/>
        <line num="164" type="stmt" count="0"/>
        <line num="165" type="stmt" count="0"/>
        <line num="172" type="method" name="registerPrefixFallback" crap="2" count="0"/>
        <line num="174" type="stmt" count="0"/>
        <line num="175" type="stmt" count="0"/>
        <line num="184" type="method" name="registerNamespaces" crap="6" count="0"/>
        <line num="186" type="stmt" count="0"/>
        <line num="187" type="stmt" count="0"/>
        <line num="188" type="stmt" count="0"/>
        <line num="189" type="stmt" count="0"/>
        <line num="199" type="method" name="registerNamespace" crap="2" count="0"/>
        <line num="201" type="stmt" count="0"/>
        <line num="202" type="stmt" count="0"/>
        <line num="211" type="method" name="registerPrefixes" crap="6" count="0"/>
        <line num="213" type="stmt" count="0"/>
        <line num="214" type="stmt" count="0"/>
        <line num="215" type="stmt" count="0"/>
        <line num="216" type="stmt" count="0"/>
        <line num="226" type="method" name="registerPrefix" crap="2" count="0"/>
        <line num="228" type="stmt" count="0"/>
        <line num="229" type="stmt" count="0"/>
        <line num="238" type="method" name="register" crap="2" count="0"/>
        <line num="240" type="stmt" count="0"/>
        <line num="241" type="stmt" count="0"/>
        <line num="250" type="method" name="loadClass" crap="2" count="11"/>
        <line num="252" type="stmt" count="11"/>
        <line num="253" type="stmt" count="9"/>
        <line num="255" type="stmt" count="9"/>
        <line num="257" type="stmt" count="2"/>
        <line num="266" type="method" name="findFile" crap="40.83" count="11"/>
        <line num="268" type="stmt" count="11"/>
        <line num="270" type="stmt" count="9"/>
        <line num="271" type="stmt" count="9"/>
        <line num="272" type="stmt" count="9"/>
        <line num="273" type="stmt" count="9"/>
        <line num="274" type="stmt" count="9"/>
        <line num="275" type="stmt" count="2"/>
        <line num="278" type="stmt" count="9"/>
        <line num="279" type="stmt" count="9"/>
        <line num="280" type="stmt" count="9"/>
        <line num="281" type="stmt" count="9"/>
        <line num="283" type="stmt" count="0"/>
        <line num="284" type="stmt" count="0"/>
        <line num="286" type="stmt" count="0"/>
        <line num="287" type="stmt" count="0"/>
        <line num="288" type="stmt" count="0"/>
        <line num="289" type="stmt" count="0"/>
        <line num="291" type="stmt" count="0"/>
        <line num="292" type="stmt" count="0"/>
        <line num="294" type="stmt" count="2"/>
        <line num="295" type="stmt" count="2"/>
        <line num="296" type="stmt" count="2"/>
        <line num="297" type="stmt" count="2"/>
        <line num="300" type="stmt" count="0"/>
        <line num="301" type="stmt" count="0"/>
        <line num="302" type="stmt" count="0"/>
        <line num="303" type="stmt" count="0"/>
        <line num="305" type="stmt" count="0"/>
        <line num="306" type="stmt" count="2"/>
        <line num="308" type="stmt" count="2"/>
        <line num="309" type="stmt" count="0"/>
        <line num="310" type="stmt" count="0"/>
        <line num="311" type="stmt" count="0"/>
        <line num="313" type="stmt" count="2"/>
        <line num="316" type="stmt" count="2"/>
        <line num="317" type="stmt" count="0"/>
        <line num="319" type="stmt" count="2"/>
        <metrics loc="320" ncloc="152" classes="1" methods="17" coveredmethods="1" conditionals="0" coveredconditionals="0" statements="70" coveredstatements="24" elements="87" coveredelements="25"/>
      </file>
    </package>
    <file name="/Users/tickner/src/deskpro/deskPRO/app/vendor/symfony/symfony/src/Symfony/Component/Intl/Resources/stubs/functions.php">
      <line num="29" type="stmt" count="0"/>
      <line num="45" type="stmt" count="0"/>
      <line num="61" type="stmt" count="0"/>
      <line num="76" type="stmt" count="0"/>
      <metrics loc="78" ncloc="26" classes="0" methods="0" coveredmethods="0" conditionals="0" coveredconditionals="0" statements="4" coveredstatements="0" elements="4" coveredelements="0"/>
    </file>
    <metrics files="149" loc="34314" ncloc="19048" classes="196" methods="1270" coveredmethods="241" conditionals="0" coveredconditionals="0" statements="9707" coveredstatements="1403" elements="10977" coveredelements="1644"/>
  </project>
</coverage>
